
*** Running vivado
    with args -log npu_top.vds -m64 -product Vivado -mode batch -messageDb vivado.pb -notrace -source npu_top.tcl



****** Vivado v2025.1 (64-bit)
  **** SW Build 6140274 on Thu May 22 00:12:29 MDT 2025
  **** IP Build 6138677 on Thu May 22 03:10:11 MDT 2025
  **** SharedData Build 6139179 on Tue May 20 17:58:58 MDT 2025
  **** Start of session at: Sun Mar 15 17:45:39 2026
    ** Copyright 1986-2022 Xilinx, Inc. All Rights Reserved.
    ** Copyright 2022-2025 Advanced Micro Devices, Inc. All Rights Reserved.

source npu_top.tcl -notrace
Command: read_checkpoint -auto_incremental -incremental C:/Users/samue/Documents/Arty-7-100T/Simple_NPU/Simple_NPU.srcs/utils_1/imports/synth_1/npu_top.dcp
INFO: [Vivado 12-5825] Read reference checkpoint from C:/Users/samue/Documents/Arty-7-100T/Simple_NPU/Simple_NPU.srcs/utils_1/imports/synth_1/npu_top.dcp for incremental synthesis
INFO: [Vivado 12-7989] Please ensure there are no constraint changes
Command: synth_design -top npu_top -part xc7a100tcsg324-1
Starting synth_design
Attempting to get a license for feature 'Synthesis' and/or device 'xc7a100t'
INFO: [Common 17-349] Got license for feature 'Synthesis' and/or device 'xc7a100t'
INFO: [Device 21-403] Loading part xc7a100tcsg324-1
INFO: [Designutils 20-5440] No compile time benefit to using incremental synthesis; A full resynthesis will be run
INFO: [Designutils 20-4379] Flow is switching to default flow due to incremental criteria not met. If you would like to alter this behaviour and have the flow terminate instead, please set the following parameter config_implementation {autoIncr.Synth.RejectBehavior Terminate}
INFO: [Synth 8-7079] Multithreading enabled for synth_design using a maximum of 2 processes.
INFO: [Synth 8-7078] Launching helper process for spawning children vivado processes
INFO: [Synth 8-7075] Helper process launched with PID 31428
---------------------------------------------------------------------------------
Starting RTL Elaboration : Time (s): cpu = 00:00:02 ; elapsed = 00:00:03 . Memory (MB): peak = 1260.887 ; gain = 495.590
---------------------------------------------------------------------------------
INFO: [Synth 8-6157] synthesizing module 'npu_top' [C:/Users/samue/Documents/Arty-7-100T/Simple_NPU/Simple_NPU.srcs/sources_1/new/npu_top.sv:3]
INFO: [Synth 8-6157] synthesizing module 'fc_layer' [C:/Users/samue/Documents/Arty-7-100T/Simple_NPU/Simple_NPU.srcs/sources_1/new/fc_layer.sv:3]
	Parameter DATA_W bound to: 32'sb00000000000000000000000000001000 
	Parameter PROD_W bound to: 32'sb00000000000000000000000000010000 
	Parameter SUM_W bound to: 32'sb00000000000000000000000000010010 
	Parameter ACC_W bound to: 32'sb00000000000000000000000000010100 
	Parameter N_IN bound to: 32'sb00000000000000000000000000001000 
	Parameter N_OUT bound to: 32'sb00000000000000000000000000000100 
INFO: [Synth 8-3876] $readmem data file 'x.mem' is read successfully [C:/Users/samue/Documents/Arty-7-100T/Simple_NPU/Simple_NPU.srcs/sources_1/new/fc_layer.sv:110]
INFO: [Synth 8-3876] $readmem data file 'w.mem' is read successfully [C:/Users/samue/Documents/Arty-7-100T/Simple_NPU/Simple_NPU.srcs/sources_1/new/fc_layer.sv:111]
INFO: [Synth 8-3876] $readmem data file 'b.mem' is read successfully [C:/Users/samue/Documents/Arty-7-100T/Simple_NPU/Simple_NPU.srcs/sources_1/new/fc_layer.sv:112]
INFO: [Synth 8-6157] synthesizing module 'mac_unit' [C:/Users/samue/Documents/Arty-7-100T/Simple_NPU/Simple_NPU.srcs/sources_1/new/mac_unit.sv:3]
	Parameter DATA_W bound to: 32'sb00000000000000000000000000001000 
	Parameter PROD_W bound to: 32'sb00000000000000000000000000010000 
	Parameter SUM_W bound to: 32'sb00000000000000000000000000010010 
INFO: [Synth 8-6155] done synthesizing module 'mac_unit' (0#1) [C:/Users/samue/Documents/Arty-7-100T/Simple_NPU/Simple_NPU.srcs/sources_1/new/mac_unit.sv:3]
INFO: [Synth 8-6157] synthesizing module 'relu' [C:/Users/samue/Documents/Arty-7-100T/Simple_NPU/Simple_NPU.srcs/sources_1/new/relu.sv:1]
	Parameter DATA_W bound to: 32'sb00000000000000000000000000010100 
INFO: [Synth 8-6155] done synthesizing module 'relu' (0#1) [C:/Users/samue/Documents/Arty-7-100T/Simple_NPU/Simple_NPU.srcs/sources_1/new/relu.sv:1]
INFO: [Synth 8-6155] done synthesizing module 'fc_layer' (0#1) [C:/Users/samue/Documents/Arty-7-100T/Simple_NPU/Simple_NPU.srcs/sources_1/new/fc_layer.sv:3]
INFO: [Synth 8-6155] done synthesizing module 'npu_top' (0#1) [C:/Users/samue/Documents/Arty-7-100T/Simple_NPU/Simple_NPU.srcs/sources_1/new/npu_top.sv:3]
---------------------------------------------------------------------------------
Finished RTL Elaboration : Time (s): cpu = 00:00:03 ; elapsed = 00:00:04 . Memory (MB): peak = 1369.812 ; gain = 604.516
---------------------------------------------------------------------------------
---------------------------------------------------------------------------------
Start Handling Custom Attributes
---------------------------------------------------------------------------------
---------------------------------------------------------------------------------
Finished Handling Custom Attributes : Time (s): cpu = 00:00:03 ; elapsed = 00:00:04 . Memory (MB): peak = 1369.812 ; gain = 604.516
---------------------------------------------------------------------------------
---------------------------------------------------------------------------------
Finished RTL Optimization Phase 1 : Time (s): cpu = 00:00:03 ; elapsed = 00:00:04 . Memory (MB): peak = 1369.812 ; gain = 604.516
---------------------------------------------------------------------------------
Netlist sorting complete. Time (s): cpu = 00:00:00 ; elapsed = 00:00:00.002 . Memory (MB): peak = 1369.812 ; gain = 0.000
INFO: [Project 1-570] Preparing netlist for logic optimization

Processing XDC Constraints
Initializing timing engine
Parsing XDC File [C:/Users/samue/Documents/Arty-7-100T/Simple_NPU/Simple_NPU.srcs/constrs_1/new/Arty-A7-100-Master.xdc]
WARNING: [Vivado 12-584] No ports matched 'btn[2]'. [C:/Users/samue/Documents/Arty-7-100T/Simple_NPU/Simple_NPU.srcs/constrs_1/new/Arty-A7-100-Master.xdc:39]
CRITICAL WARNING: [Common 17-55] 'set_property' expects at least one object. [C:/Users/samue/Documents/Arty-7-100T/Simple_NPU/Simple_NPU.srcs/constrs_1/new/Arty-A7-100-Master.xdc:39]
Resolution: If [get_<value>] was used to populate the object, check to make sure this command returns at least one valid object.
WARNING: [Vivado 12-584] No ports matched 'btn[3]'. [C:/Users/samue/Documents/Arty-7-100T/Simple_NPU/Simple_NPU.srcs/constrs_1/new/Arty-A7-100-Master.xdc:40]
CRITICAL WARNING: [Common 17-55] 'set_property' expects at least one object. [C:/Users/samue/Documents/Arty-7-100T/Simple_NPU/Simple_NPU.srcs/constrs_1/new/Arty-A7-100-Master.xdc:40]
Resolution: If [get_<value>] was used to populate the object, check to make sure this command returns at least one valid object.
Finished Parsing XDC File [C:/Users/samue/Documents/Arty-7-100T/Simple_NPU/Simple_NPU.srcs/constrs_1/new/Arty-A7-100-Master.xdc]
INFO: [Project 1-236] Implementation specific constraints were found while reading constraint file [C:/Users/samue/Documents/Arty-7-100T/Simple_NPU/Simple_NPU.srcs/constrs_1/new/Arty-A7-100-Master.xdc]. These constraints will be ignored for synthesis but will be used in implementation. Impacted constraints are listed in the file [.Xil/npu_top_propImpl.xdc].
Resolution: To avoid this warning, move constraints listed in [.Xil/npu_top_propImpl.xdc] to another XDC file and exclude this new file from synthesis with the used_in_synthesis property (File Properties dialog in GUI) and re-run elaboration/synthesis.
Completed Processing XDC Constraints

Netlist sorting complete. Time (s): cpu = 00:00:00 ; elapsed = 00:00:00 . Memory (MB): peak = 1412.055 ; gain = 0.000
INFO: [Project 1-111] Unisim Transformation Summary:
No Unisim elements were transformed.

Constraint Validation Runtime : Time (s): cpu = 00:00:00 ; elapsed = 00:00:00.003 . Memory (MB): peak = 1412.055 ; gain = 0.000
INFO: [Designutils 20-5440] No compile time benefit to using incremental synthesis; A full resynthesis will be run
INFO: [Designutils 20-4379] Flow is switching to default flow due to incremental criteria not met. If you would like to alter this behaviour and have the flow terminate instead, please set the following parameter config_implementation {autoIncr.Synth.RejectBehavior Terminate}
---------------------------------------------------------------------------------
Finished Constraint Validation : Time (s): cpu = 00:00:08 ; elapsed = 00:00:09 . Memory (MB): peak = 1412.055 ; gain = 646.758
---------------------------------------------------------------------------------
---------------------------------------------------------------------------------
Start Loading Part and Timing Information
---------------------------------------------------------------------------------
Loading part: xc7a100tcsg324-1
---------------------------------------------------------------------------------
Finished Loading Part and Timing Information : Time (s): cpu = 00:00:08 ; elapsed = 00:00:09 . Memory (MB): peak = 1412.055 ; gain = 646.758
---------------------------------------------------------------------------------
---------------------------------------------------------------------------------
Start Applying 'set_property' XDC Constraints
---------------------------------------------------------------------------------
---------------------------------------------------------------------------------
Finished applying 'set_property' XDC Constraints : Time (s): cpu = 00:00:08 ; elapsed = 00:00:09 . Memory (MB): peak = 1412.055 ; gain = 646.758
---------------------------------------------------------------------------------
---------------------------------------------------------------------------------
Finished RTL Optimization Phase 2 : Time (s): cpu = 00:00:08 ; elapsed = 00:00:09 . Memory (MB): peak = 1412.055 ; gain = 646.758
---------------------------------------------------------------------------------
---------------------------------------------------------------------------------
Start RTL Component Statistics 
---------------------------------------------------------------------------------
Detailed RTL Component Info : 
+---Adders : 
	   2 Input   20 Bit       Adders := 1     
	   2 Input    2 Bit       Adders := 1     
+---XORs : 
	               20 Bit    Wide XORs := 4     
+---Registers : 
	               20 Bit    Registers := 5     
	               18 Bit    Registers := 1     
	                8 Bit    Registers := 8     
	                4 Bit    Registers := 2     
	                1 Bit    Registers := 6     
+---Muxes : 
	   2 Input   20 Bit        Muxes := 3     
	   8 Input   20 Bit        Muxes := 2     
	   5 Input    8 Bit        Muxes := 1     
	  33 Input    8 Bit        Muxes := 4     
	   2 Input    6 Bit        Muxes := 3     
	   2 Input    4 Bit        Muxes := 2     
	   2 Input    3 Bit        Muxes := 3     
	   8 Input    3 Bit        Muxes := 1     
	   2 Input    2 Bit        Muxes := 1     
	   8 Input    2 Bit        Muxes := 1     
	   2 Input    1 Bit        Muxes := 21    
	   8 Input    1 Bit        Muxes := 15    
---------------------------------------------------------------------------------
Finished RTL Component Statistics 
---------------------------------------------------------------------------------
---------------------------------------------------------------------------------
Start Part Resource Summary
---------------------------------------------------------------------------------
Part Resources:
DSPs: 240 (col length:80)
BRAMs: 270 (col length: RAMB18 80 RAMB36 40)
---------------------------------------------------------------------------------
Finished Part Resource Summary
---------------------------------------------------------------------------------
---------------------------------------------------------------------------------
Start Cross Boundary and Area Optimization
---------------------------------------------------------------------------------
WARNING: [Synth 8-7080] Parallel synthesis criteria is not met
DSP Report: Generating DSP partial_sum2, operation Mode is: A*B.
DSP Report: operator partial_sum2 is absorbed into DSP partial_sum2.
DSP Report: Generating DSP partial_sum0, operation Mode is: PCIN+A*B.
DSP Report: operator partial_sum0 is absorbed into DSP partial_sum0.
DSP Report: operator partial_sum2 is absorbed into DSP partial_sum0.
DSP Report: Generating DSP partial_sum0, operation Mode is: PCIN+A*B.
DSP Report: operator partial_sum0 is absorbed into DSP partial_sum0.
DSP Report: operator partial_sum2 is absorbed into DSP partial_sum0.
DSP Report: Generating DSP partial_sum0, operation Mode is: PCIN+A*B.
DSP Report: operator partial_sum0 is absorbed into DSP partial_sum0.
DSP Report: operator partial_sum2 is absorbed into DSP partial_sum0.
---------------------------------------------------------------------------------
Finished Cross Boundary and Area Optimization : Time (s): cpu = 00:00:09 ; elapsed = 00:00:10 . Memory (MB): peak = 1426.242 ; gain = 660.945
---------------------------------------------------------------------------------
 Sort Area is  partial_sum2_0 : 0 0 : 454 1985 : Used 1 time 100
 Sort Area is  partial_sum2_0 : 0 1 : 509 1985 : Used 1 time 100
 Sort Area is  partial_sum2_0 : 0 2 : 511 1985 : Used 1 time 100
 Sort Area is  partial_sum2_0 : 0 3 : 511 1985 : Used 1 time 100
---------------------------------------------------------------------------------
Start ROM, RAM, DSP, Shift Register and Retiming Reporting
---------------------------------------------------------------------------------

DSP: Preliminary Mapping Report (see note below. The ' indicates corresponding REG is set)
+------------+-------------+--------+--------+--------+--------+--------+------+------+------+------+-------+------+------+
|Module Name | DSP Mapping | A Size | B Size | C Size | D Size | P Size | AREG | BREG | CREG | DREG | ADREG | MREG | PREG | 
+------------+-------------+--------+--------+--------+--------+--------+------+------+------+------+-------+------+------+
|mac_unit    | A*B         | 8      | 8      | -      | -      | 16     | 0    | 0    | -    | -    | -     | 0    | 0    | 
|mac_unit    | PCIN+A*B    | 8      | 8      | -      | -      | 18     | 0    | 0    | -    | -    | -     | 0    | 0    | 
|mac_unit    | PCIN+A*B    | 8      | 8      | -      | -      | 18     | 0    | 0    | -    | -    | -     | 0    | 0    | 
|mac_unit    | PCIN+A*B    | 8      | 8      | -      | -      | 18     | 0    | 0    | -    | -    | -     | 0    | 0    | 
+------------+-------------+--------+--------+--------+--------+--------+------+------+------+------+-------+------+------+

Note: The table above is a preliminary report that shows the DSPs inferred at the current stage of the synthesis flow. Some DSP may be reimplemented as non DSP primitives later in the synthesis flow. Multiple instantiated DSPs are reported only once.
---------------------------------------------------------------------------------
Finished ROM, RAM, DSP, Shift Register and Retiming Reporting
---------------------------------------------------------------------------------
---------------------------------------------------------------------------------
Start Applying XDC Timing Constraints
---------------------------------------------------------------------------------
---------------------------------------------------------------------------------
Finished Applying XDC Timing Constraints : Time (s): cpu = 00:00:13 ; elapsed = 00:00:15 . Memory (MB): peak = 1616.871 ; gain = 851.574
---------------------------------------------------------------------------------
---------------------------------------------------------------------------------
Start Timing Optimization
---------------------------------------------------------------------------------
---------------------------------------------------------------------------------
Finished Timing Optimization : Time (s): cpu = 00:00:13 ; elapsed = 00:00:15 . Memory (MB): peak = 1618.258 ; gain = 852.961
---------------------------------------------------------------------------------
---------------------------------------------------------------------------------
Start Technology Mapping
---------------------------------------------------------------------------------
---------------------------------------------------------------------------------
Finished Technology Mapping : Time (s): cpu = 00:00:14 ; elapsed = 00:00:15 . Memory (MB): peak = 1630.168 ; gain = 864.871
---------------------------------------------------------------------------------
---------------------------------------------------------------------------------
Start IO Insertion
---------------------------------------------------------------------------------
---------------------------------------------------------------------------------
Start Flattening Before IO Insertion
---------------------------------------------------------------------------------
---------------------------------------------------------------------------------
Finished Flattening Before IO Insertion
---------------------------------------------------------------------------------
---------------------------------------------------------------------------------
Start Final Netlist Cleanup
---------------------------------------------------------------------------------
---------------------------------------------------------------------------------
Finished Final Netlist Cleanup
---------------------------------------------------------------------------------
---------------------------------------------------------------------------------
Finished IO Insertion : Time (s): cpu = 00:00:16 ; elapsed = 00:00:18 . Memory (MB): peak = 1864.098 ; gain = 1098.801
---------------------------------------------------------------------------------
---------------------------------------------------------------------------------
Start Renaming Generated Instances
---------------------------------------------------------------------------------
---------------------------------------------------------------------------------
Finished Renaming Generated Instances : Time (s): cpu = 00:00:16 ; elapsed = 00:00:18 . Memory (MB): peak = 1864.098 ; gain = 1098.801
---------------------------------------------------------------------------------
---------------------------------------------------------------------------------
Start Rebuilding User Hierarchy
---------------------------------------------------------------------------------
---------------------------------------------------------------------------------
Finished Rebuilding User Hierarchy : Time (s): cpu = 00:00:16 ; elapsed = 00:00:18 . Memory (MB): peak = 1864.098 ; gain = 1098.801
---------------------------------------------------------------------------------
---------------------------------------------------------------------------------
Start Renaming Generated Ports
---------------------------------------------------------------------------------
---------------------------------------------------------------------------------
Finished Renaming Generated Ports : Time (s): cpu = 00:00:16 ; elapsed = 00:00:18 . Memory (MB): peak = 1864.098 ; gain = 1098.801
---------------------------------------------------------------------------------
---------------------------------------------------------------------------------
Start Handling Custom Attributes
---------------------------------------------------------------------------------
---------------------------------------------------------------------------------
Finished Handling Custom Attributes : Time (s): cpu = 00:00:16 ; elapsed = 00:00:18 . Memory (MB): peak = 1864.098 ; gain = 1098.801
---------------------------------------------------------------------------------
---------------------------------------------------------------------------------
Start Renaming Generated Nets
---------------------------------------------------------------------------------
---------------------------------------------------------------------------------
Finished Renaming Generated Nets : Time (s): cpu = 00:00:16 ; elapsed = 00:00:18 . Memory (MB): peak = 1864.098 ; gain = 1098.801
---------------------------------------------------------------------------------
---------------------------------------------------------------------------------
Start Writing Synthesis Report
---------------------------------------------------------------------------------

DSP Final Report (the ' indicates corresponding REG is set)
+------------+-------------+--------+--------+--------+--------+--------+------+------+------+------+-------+------+------+
|Module Name | DSP Mapping | A Size | B Size | C Size | D Size | P Size | AREG | BREG | CREG | DREG | ADREG | MREG | PREG | 
+------------+-------------+--------+--------+--------+--------+--------+------+------+------+------+-------+------+------+
|mac_unit    | A*B         | 30     | 5      | -      | -      | 16     | 0    | 0    | -    | -    | -     | 0    | 0    | 
|mac_unit    | PCIN+A*B    | 30     | 18     | -      | -      | 18     | 0    | 0    | -    | -    | -     | 0    | 0    | 
|mac_unit    | PCIN+A*B    | 30     | 18     | -      | -      | 18     | 0    | 0    | -    | -    | -     | 0    | 0    | 
|mac_unit    | (PCIN+A*B)' | 30     | 5      | -      | -      | 18     | 0    | 0    | -    | -    | -     | 0    | 1    | 
+------------+-------------+--------+--------+--------+--------+--------+------+------+------+------+-------+------+------+


Report BlackBoxes: 
+-+--------------+----------+
| |BlackBox name |Instances |
+-+--------------+----------+
+-+--------------+----------+

Report Cell Usage: 
+------+--------+------+
|      |Cell    |Count |
+------+--------+------+
|1     |BUFG    |     1|
|2     |CARRY4  |     5|
|3     |DSP48E1 |     4|
|5     |LUT1    |     1|
|6     |LUT2    |    49|
|7     |LUT3    |     7|
|8     |LUT4    |    22|
|9     |LUT5    |     8|
|10    |LUT6    |    17|
|11    |FDCE    |   119|
|12    |FDPE    |     1|
|13    |IBUF    |     3|
|14    |OBUF    |     4|
+------+--------+------+
---------------------------------------------------------------------------------
Finished Writing Synthesis Report : Time (s): cpu = 00:00:16 ; elapsed = 00:00:18 . Memory (MB): peak = 1864.098 ; gain = 1098.801
---------------------------------------------------------------------------------
Synthesis finished with 0 errors, 0 critical warnings and 1 warnings.
Synthesis Optimization Runtime : Time (s): cpu = 00:00:13 ; elapsed = 00:00:17 . Memory (MB): peak = 1864.098 ; gain = 1056.559
Synthesis Optimization Complete : Time (s): cpu = 00:00:17 ; elapsed = 00:00:18 . Memory (MB): peak = 1864.098 ; gain = 1098.801
INFO: [Project 1-571] Translating synthesized netlist
Netlist sorting complete. Time (s): cpu = 00:00:00 ; elapsed = 00:00:00.001 . Memory (MB): peak = 1869.668 ; gain = 0.000
INFO: [Netlist 29-17] Analyzing 9 Unisim elements for replacement
INFO: [Netlist 29-28] Unisim Transformation completed in 0 CPU seconds
INFO: [Project 1-570] Preparing netlist for logic optimization
INFO: [Opt 31-138] Pushed 0 inverter(s) to 0 load pin(s).
Netlist sorting complete. Time (s): cpu = 00:00:00 ; elapsed = 00:00:00 . Memory (MB): peak = 1873.141 ; gain = 0.000
INFO: [Project 1-111] Unisim Transformation Summary:
No Unisim elements were transformed.

Synth Design complete | Checksum: 74755a7f
INFO: [Common 17-83] Releasing license: Synthesis
32 Infos, 3 Warnings, 2 Critical Warnings and 0 Errors encountered.
synth_design completed successfully
synth_design: Time (s): cpu = 00:00:19 ; elapsed = 00:00:22 . Memory (MB): peak = 1873.141 ; gain = 1302.672
INFO: [runtcl-6] Synthesis results are not added to the cache due to CRITICAL_WARNING
Write ShapeDB Complete: Time (s): cpu = 00:00:00 ; elapsed = 00:00:00.001 . Memory (MB): peak = 1873.141 ; gain = 0.000
INFO: [Common 17-1381] The checkpoint 'C:/Users/samue/Documents/Arty-7-100T/Simple_NPU/Simple_NPU.runs/synth_1/npu_top.dcp' has been generated.
INFO: [Vivado 12-24828] Executing command : report_utilization -file npu_top_utilization_synth.rpt -pb npu_top_utilization_synth.pb
INFO: [Common 17-206] Exiting Vivado at Sun Mar 15 17:46:08 2026...
