Copyright 1986-2022 Xilinx, Inc. All Rights Reserved. Copyright 2022-2025 Advanced Micro Devices, Inc. All Rights Reserved.
---------------------------------------------------------------------------------------------------------------------------------------------
| Tool Version : Vivado v.2025.1 (win64) Build 6140274 Thu May 22 00:12:29 MDT 2025
| Date         : Sun Mar 15 17:46:40 2026
| Host         : LAPTOP-6D7E7RAB running 64-bit major release  (build 9200)
| Command      : report_control_sets -verbose -file npu_top_control_sets_placed.rpt
| Design       : npu_top
| Device       : xc7a100t
---------------------------------------------------------------------------------------------------------------------------------------------

Control Set Information

Table of Contents
-----------------
1. Summary
2. Histogram
3. Flip-Flop Distribution
4. Detailed Control Set Information

1. Summary
----------

+----------------------------------------------------------+-------+
|                          Status                          | Count |
+----------------------------------------------------------+-------+
| Total control sets                                       |     8 |
|    Minimum number of control sets                        |     8 |
|    Addition due to synthesis replication                 |     0 |
|    Addition due to physical synthesis replication        |     0 |
| Unused register locations in slices containing registers |    32 |
+----------------------------------------------------------+-------+
* Control sets can be merged at opt_design using control_set_merge or merge_equivalent_drivers
** Run report_qor_suggestions for automated merging and remapping suggestions


2. Histogram
------------

+--------------------+-------+
|       Fanout       | Count |
+--------------------+-------+
| Total control sets |     8 |
| >= 0 to < 4        |     0 |
| >= 4 to < 6        |     1 |
| >= 6 to < 8        |     0 |
| >= 8 to < 10       |     1 |
| >= 10 to < 12      |     1 |
| >= 12 to < 14      |     0 |
| >= 14 to < 16      |     0 |
| >= 16              |     5 |
+--------------------+-------+
* Control sets can be remapped at either synth_design or opt_design


3. Flip-Flop Distribution
-------------------------

+--------------+-----------------------+------------------------+-----------------+--------------+
| Clock Enable | Synchronous Set/Reset | Asynchronous Set/Reset | Total Registers | Total Slices |
+--------------+-----------------------+------------------------+-----------------+--------------+
| No           | No                    | No                     |               0 |            0 |
| No           | No                    | Yes                    |              11 |            3 |
| No           | Yes                   | No                     |               0 |            0 |
| Yes          | No                    | No                     |               0 |            0 |
| Yes          | No                    | Yes                    |             109 |           31 |
| Yes          | Yes                   | No                     |               0 |            0 |
+--------------+-----------------------+------------------------+-----------------+--------------+


4. Detailed Control Set Information
-----------------------------------

+----------------------+------------------------------+------------------+------------------+----------------+--------------+
|     Clock Signal     |         Enable Signal        | Set/Reset Signal | Slice Load Count | Bel Load Count | Bels / Slice |
+----------------------+------------------------------+------------------+------------------+----------------+--------------+
|  CLK100MHZ_IBUF_BUFG | u_fc_layer/E[0]              | btn_IBUF[0]      |                3 |              5 |         1.67 |
|  CLK100MHZ_IBUF_BUFG | u_fc_layer/x1_reg[3]_i_1_n_0 | btn_IBUF[0]      |                6 |              8 |         1.33 |
|  CLK100MHZ_IBUF_BUFG |                              | btn_IBUF[0]      |                3 |             11 |         3.67 |
|  CLK100MHZ_IBUF_BUFG | u_fc_layer/__11              | btn_IBUF[0]      |                4 |             19 |         4.75 |
|  CLK100MHZ_IBUF_BUFG | u_fc_layer/y[1][18]_i_1_n_0  | btn_IBUF[0]      |                4 |             19 |         4.75 |
|  CLK100MHZ_IBUF_BUFG | u_fc_layer/y[2][18]_i_1_n_0  | btn_IBUF[0]      |                3 |             19 |         6.33 |
|  CLK100MHZ_IBUF_BUFG | u_fc_layer/y[3][18]_i_1_n_0  | btn_IBUF[0]      |                4 |             19 |         4.75 |
|  CLK100MHZ_IBUF_BUFG | u_fc_layer/state[1]          | btn_IBUF[0]      |                7 |             20 |         2.86 |
+----------------------+------------------------------+------------------+------------------+----------------+--------------+


