
*** Running vivado
    with args -log npu_top.vdi -applog -m64 -product Vivado -messageDb vivado.pb -mode batch -source npu_top.tcl -notrace



****** Vivado v2025.1 (64-bit)
  **** SW Build 6140274 on Thu May 22 00:12:29 MDT 2025
  **** IP Build 6138677 on Thu May 22 03:10:11 MDT 2025
  **** SharedData Build 6139179 on Tue May 20 17:58:58 MDT 2025
  **** Start of session at: Sun Mar 15 17:46:15 2026
    ** Copyright 1986-2022 Xilinx, Inc. All Rights Reserved.
    ** Copyright 2022-2025 Advanced Micro Devices, Inc. All Rights Reserved.

source npu_top.tcl -notrace
Command: link_design -top npu_top -part xc7a100tcsg324-1
Design is defaulting to srcset: sources_1
Design is defaulting to constrset: constrs_1
INFO: [Device 21-403] Loading part xc7a100tcsg324-1
Netlist sorting complete. Time (s): cpu = 00:00:00 ; elapsed = 00:00:00.002 . Memory (MB): peak = 772.270 ; gain = 0.000
INFO: [Netlist 29-17] Analyzing 9 Unisim elements for replacement
INFO: [Netlist 29-28] Unisim Transformation completed in 0 CPU seconds
INFO: [Project 1-479] Netlist was created with Vivado 2025.1
INFO: [Project 1-570] Preparing netlist for logic optimization
Parsing XDC File [C:/Users/samue/Documents/Arty-7-100T/Simple_NPU/Simple_NPU.srcs/constrs_1/new/Arty-A7-100-Master.xdc]
WARNING: [Vivado 12-584] No ports matched 'btn[2]'. [C:/Users/samue/Documents/Arty-7-100T/Simple_NPU/Simple_NPU.srcs/constrs_1/new/Arty-A7-100-Master.xdc:39]
CRITICAL WARNING: [Common 17-55] 'set_property' expects at least one object. [C:/Users/samue/Documents/Arty-7-100T/Simple_NPU/Simple_NPU.srcs/constrs_1/new/Arty-A7-100-Master.xdc:39]
Resolution: If [get_<value>] was used to populate the object, check to make sure this command returns at least one valid object.
WARNING: [Vivado 12-584] No ports matched 'btn[3]'. [C:/Users/samue/Documents/Arty-7-100T/Simple_NPU/Simple_NPU.srcs/constrs_1/new/Arty-A7-100-Master.xdc:40]
CRITICAL WARNING: [Common 17-55] 'set_property' expects at least one object. [C:/Users/samue/Documents/Arty-7-100T/Simple_NPU/Simple_NPU.srcs/constrs_1/new/Arty-A7-100-Master.xdc:40]
Resolution: If [get_<value>] was used to populate the object, check to make sure this command returns at least one valid object.
Finished Parsing XDC File [C:/Users/samue/Documents/Arty-7-100T/Simple_NPU/Simple_NPU.srcs/constrs_1/new/Arty-A7-100-Master.xdc]
INFO: [Opt 31-138] Pushed 0 inverter(s) to 0 load pin(s).
Netlist sorting complete. Time (s): cpu = 00:00:00 ; elapsed = 00:00:00 . Memory (MB): peak = 907.848 ; gain = 0.000
INFO: [Project 1-111] Unisim Transformation Summary:
No Unisim elements were transformed.

7 Infos, 2 Warnings, 2 Critical Warnings and 0 Errors encountered.
link_design completed successfully
Command: opt_design -directive Explore
INFO: [Vivado_Tcl 4-136] Directive used for opt_design is: Explore
Attempting to get a license for feature 'Implementation' and/or device 'xc7a100t'
INFO: [Common 17-349] Got license for feature 'Implementation' and/or device 'xc7a100t'
Running DRC as a precondition to command opt_design

Starting DRC Task
INFO: [DRC 23-27] Running DRC with 2 threads
INFO: [Project 1-461] DRC finished with 0 Errors
INFO: [Project 1-462] Please refer to the DRC report (report_drc) for more information.

Time (s): cpu = 00:00:01 ; elapsed = 00:00:00.708 . Memory (MB): peak = 947.105 ; gain = 39.234

Starting Logic Optimization Task

Phase 1 Initialization

Phase 1.1 Core Generation And Design Setup
Phase 1.1 Core Generation And Design Setup | Checksum: 1f50d5551

Time (s): cpu = 00:00:00 ; elapsed = 00:00:00.001 . Memory (MB): peak = 1348.586 ; gain = 0.000

Phase 1.2 Setup Constraints And Sort Netlist
Phase 1.2 Setup Constraints And Sort Netlist | Checksum: 1f50d5551

Time (s): cpu = 00:00:00 ; elapsed = 00:00:00.002 . Memory (MB): peak = 1348.586 ; gain = 0.000
Phase 1 Initialization | Checksum: 1f50d5551

Time (s): cpu = 00:00:00 ; elapsed = 00:00:00.003 . Memory (MB): peak = 1348.586 ; gain = 0.000

Phase 2 Timer Update And Timing Data Collection

Phase 2.1 Timer Update
INFO: [Timing 38-35] Done setting XDC timing constraints.
Phase 2.1 Timer Update | Checksum: 1f50d5551

Time (s): cpu = 00:00:05 ; elapsed = 00:00:05 . Memory (MB): peak = 1777.742 ; gain = 429.156

Phase 2.2 Timing Data Collection
Phase 2.2 Timing Data Collection | Checksum: 1f50d5551

Time (s): cpu = 00:00:05 ; elapsed = 00:00:05 . Memory (MB): peak = 1777.742 ; gain = 429.156
Phase 2 Timer Update And Timing Data Collection | Checksum: 1f50d5551

Time (s): cpu = 00:00:05 ; elapsed = 00:00:05 . Memory (MB): peak = 1777.742 ; gain = 429.156

Phase 3 Retarget
INFO: [Opt 31-1851] Number of loadless carry chains removed were: 0
INFO: [Opt 31-1834] Total Chains To Be Transformed Were: 0 AND Number of Transformed insts Created are: 0
INFO: [Opt 31-138] Pushed 0 inverter(s) to 0 load pin(s).
INFO: [Opt 31-49] Retargeted 0 cell(s).
Phase 3 Retarget | Checksum: 1f50d5551

Time (s): cpu = 00:00:05 ; elapsed = 00:00:05 . Memory (MB): peak = 1777.742 ; gain = 429.156
Retarget | Checksum: 1f50d5551
INFO: [Opt 31-389] Phase Retarget created 0 cells and removed 0 cells

Phase 4 Constant propagation
INFO: [Opt 31-138] Pushed 0 inverter(s) to 0 load pin(s).
Phase 4 Constant propagation | Checksum: 1f50d5551

Time (s): cpu = 00:00:05 ; elapsed = 00:00:05 . Memory (MB): peak = 1777.742 ; gain = 429.156
Constant propagation | Checksum: 1f50d5551
INFO: [Opt 31-389] Phase Constant propagation created 0 cells and removed 0 cells

Phase 5 Sweep
INFO: [Constraints 18-11670] Building netlist checker database with flags, 0x8
Done building netlist checker database: Time (s): cpu = 00:00:00 ; elapsed = 00:00:00 . Memory (MB): peak = 1777.742 ; gain = 0.000
Phase 5 Sweep | Checksum: 21e340383

Time (s): cpu = 00:00:05 ; elapsed = 00:00:05 . Memory (MB): peak = 1777.742 ; gain = 429.156
Sweep | Checksum: 21e340383
INFO: [Opt 31-389] Phase Sweep created 0 cells and removed 0 cells

Phase 6 BUFG optimization
Phase 6 BUFG optimization | Checksum: 21e340383

Time (s): cpu = 00:00:05 ; elapsed = 00:00:05 . Memory (MB): peak = 1777.742 ; gain = 429.156
BUFG optimization | Checksum: 21e340383
INFO: [Opt 31-662] Phase BUFG optimization created 0 cells of which 0 are BUFGs and removed 0 cells.

Phase 7 Shift Register Optimization
INFO: [Opt 31-1064] SRL Remap converted 0 SRLs to 0 registers and converted 0 registers of register chains to 0 SRLs
Phase 7 Shift Register Optimization | Checksum: 21e340383

Time (s): cpu = 00:00:05 ; elapsed = 00:00:05 . Memory (MB): peak = 1777.742 ; gain = 429.156
Shift Register Optimization | Checksum: 21e340383
INFO: [Opt 31-389] Phase Shift Register Optimization created 0 cells and removed 0 cells
INFO: [Opt 31-1555] control_set_opt supports Versal devices only, and device 7a100t is unsupported

Phase 8 Post Processing Netlist
Phase 8 Post Processing Netlist | Checksum: 21e340383

Time (s): cpu = 00:00:05 ; elapsed = 00:00:05 . Memory (MB): peak = 1777.742 ; gain = 429.156
Post Processing Netlist | Checksum: 21e340383
INFO: [Opt 31-389] Phase Post Processing Netlist created 0 cells and removed 0 cells

Phase 9 Finalization

Phase 9.1 Finalizing Design Cores and Updating Shapes
Phase 9.1 Finalizing Design Cores and Updating Shapes | Checksum: 1afcf384d

Time (s): cpu = 00:00:05 ; elapsed = 00:00:05 . Memory (MB): peak = 1777.742 ; gain = 429.156

Phase 9.2 Verifying Netlist Connectivity

Starting Connectivity Check Task

Time (s): cpu = 00:00:00 ; elapsed = 00:00:00.004 . Memory (MB): peak = 1777.742 ; gain = 0.000
Phase 9.2 Verifying Netlist Connectivity | Checksum: 1afcf384d

Time (s): cpu = 00:00:05 ; elapsed = 00:00:05 . Memory (MB): peak = 1777.742 ; gain = 429.156
Phase 9 Finalization | Checksum: 1afcf384d

Time (s): cpu = 00:00:05 ; elapsed = 00:00:05 . Memory (MB): peak = 1777.742 ; gain = 429.156
Opt_design Change Summary
=========================


-------------------------------------------------------------------------------------------------------------------------
|  Phase                        |  #Cells created  |  #Cells Removed  |  #Constrained objects preventing optimizations  |
-------------------------------------------------------------------------------------------------------------------------
|  Retarget                     |               0  |               0  |                                              0  |
|  Constant propagation         |               0  |               0  |                                              0  |
|  Sweep                        |               0  |               0  |                                              0  |
|  BUFG optimization            |               0  |               0  |                                              0  |
|  Shift Register Optimization  |               0  |               0  |                                              0  |
|  Post Processing Netlist      |               0  |               0  |                                              0  |
-------------------------------------------------------------------------------------------------------------------------


Ending Logic Optimization Task | Checksum: 1afcf384d

Time (s): cpu = 00:00:05 ; elapsed = 00:00:05 . Memory (MB): peak = 1777.742 ; gain = 429.156

Starting Netlist Obfuscation Task
Netlist sorting complete. Time (s): cpu = 00:00:00 ; elapsed = 00:00:00 . Memory (MB): peak = 1777.742 ; gain = 0.000
Ending Netlist Obfuscation Task | Checksum: 1afcf384d

Time (s): cpu = 00:00:00 ; elapsed = 00:00:00 . Memory (MB): peak = 1777.742 ; gain = 0.000
INFO: [Common 17-83] Releasing license: Implementation
28 Infos, 2 Warnings, 2 Critical Warnings and 0 Errors encountered.
opt_design completed successfully
opt_design: Time (s): cpu = 00:00:08 ; elapsed = 00:00:08 . Memory (MB): peak = 1777.742 ; gain = 869.895
INFO: [Vivado 12-24828] Executing command : report_drc -file npu_top_drc_opted.rpt -pb npu_top_drc_opted.pb -rpx npu_top_drc_opted.rpx
Command: report_drc -file npu_top_drc_opted.rpt -pb npu_top_drc_opted.pb -rpx npu_top_drc_opted.rpx
INFO: [IP_Flow 19-234] Refreshing IP repositories
INFO: [IP_Flow 19-1704] No user IP repositories specified
INFO: [IP_Flow 19-2313] Loaded Vivado IP repository 'D:/Xilinx/2025.1/Vivado/data/ip'.
INFO: [DRC 23-27] Running DRC with 2 threads
INFO: [Vivado_Tcl 2-168] The results of DRC are in file C:/Users/samue/Documents/Arty-7-100T/Simple_NPU/Simple_NPU.runs/impl_1/npu_top_drc_opted.rpt.
report_drc completed successfully
INFO: [Timing 38-480] Writing timing data to binary archive.
Write ShapeDB Complete: Time (s): cpu = 00:00:00 ; elapsed = 00:00:00.002 . Memory (MB): peak = 1798.824 ; gain = 0.000
Wrote PlaceDB: Time (s): cpu = 00:00:00 ; elapsed = 00:00:00.001 . Memory (MB): peak = 1798.824 ; gain = 0.000
Wrote PulsedLatchDB: Time (s): cpu = 00:00:00 ; elapsed = 00:00:00 . Memory (MB): peak = 1798.824 ; gain = 0.000
Writing XDEF routing.
Writing XDEF routing logical nets.
Writing XDEF routing special nets.
Wrote RouteStorage: Time (s): cpu = 00:00:00 ; elapsed = 00:00:00.012 . Memory (MB): peak = 1798.824 ; gain = 0.000
Wrote Netlist Cache: Time (s): cpu = 00:00:00 ; elapsed = 00:00:00.001 . Memory (MB): peak = 1798.824 ; gain = 0.000
Wrote Device Cache: Time (s): cpu = 00:00:00 ; elapsed = 00:00:00.004 . Memory (MB): peak = 1798.824 ; gain = 0.000
Write Physdb Complete: Time (s): cpu = 00:00:00 ; elapsed = 00:00:00.021 . Memory (MB): peak = 1798.824 ; gain = 0.000
INFO: [Common 17-1381] The checkpoint 'C:/Users/samue/Documents/Arty-7-100T/Simple_NPU/Simple_NPU.runs/impl_1/npu_top_opt.dcp' has been generated.
Command: place_design -directive Explore
Attempting to get a license for feature 'Implementation' and/or device 'xc7a100t'
INFO: [Common 17-349] Got license for feature 'Implementation' and/or device 'xc7a100t'
INFO: [Common 17-83] Releasing license: Implementation
INFO: [DRC 23-27] Running DRC with 2 threads
INFO: [Vivado_Tcl 4-198] DRC finished with 0 Errors
INFO: [Vivado_Tcl 4-199] Please refer to the DRC report (report_drc) for more information.
INFO: [Vivado_Tcl 4-2302] The placer was invoked with the 'Explore' directive.
Running DRC as a precondition to command place_design
INFO: [DRC 23-27] Running DRC with 2 threads
INFO: [Vivado_Tcl 4-198] DRC finished with 0 Errors
INFO: [Vivado_Tcl 4-199] Please refer to the DRC report (report_drc) for more information.
INFO: [Place 30-611] Multithreading enabled for place_design using a maximum of 2 CPUs

Starting Placer Task

Phase 1 Placer Initialization

Phase 1.1 Placer Initialization Netlist Sorting
Netlist sorting complete. Time (s): cpu = 00:00:00 ; elapsed = 00:00:00 . Memory (MB): peak = 1806.055 ; gain = 0.000
Phase 1.1 Placer Initialization Netlist Sorting | Checksum: 1586a732d

Time (s): cpu = 00:00:00 ; elapsed = 00:00:00.001 . Memory (MB): peak = 1806.055 ; gain = 0.000
Netlist sorting complete. Time (s): cpu = 00:00:00 ; elapsed = 00:00:00 . Memory (MB): peak = 1806.055 ; gain = 0.000

Phase 1.2 IO Placement/ Clock Placement/ Build Placer Device
INFO: [Timing 38-35] Done setting XDC timing constraints.
Phase 1.2 IO Placement/ Clock Placement/ Build Placer Device | Checksum: 1d03fbf66

Time (s): cpu = 00:00:00 ; elapsed = 00:00:00.134 . Memory (MB): peak = 1812.973 ; gain = 6.918

Phase 1.3 Build Placer Netlist Model
Phase 1.3 Build Placer Netlist Model | Checksum: 2c04c1711

Time (s): cpu = 00:00:01 ; elapsed = 00:00:00.264 . Memory (MB): peak = 1812.973 ; gain = 6.918

Phase 1.4 Constrain Clocks/Macros
Phase 1.4 Constrain Clocks/Macros | Checksum: 2c04c1711

Time (s): cpu = 00:00:01 ; elapsed = 00:00:00.266 . Memory (MB): peak = 1812.973 ; gain = 6.918
Phase 1 Placer Initialization | Checksum: 2c04c1711

Time (s): cpu = 00:00:01 ; elapsed = 00:00:00.269 . Memory (MB): peak = 1812.973 ; gain = 6.918

Phase 2 Global Placement

Phase 2.1 Floorplanning
Phase 2.1 Floorplanning | Checksum: 24faa4a14

Time (s): cpu = 00:00:01 ; elapsed = 00:00:00.291 . Memory (MB): peak = 1812.973 ; gain = 6.918

Phase 2.2 Update Timing before SLR Path Opt
Phase 2.2 Update Timing before SLR Path Opt | Checksum: 239ddbcdf

Time (s): cpu = 00:00:01 ; elapsed = 00:00:00.307 . Memory (MB): peak = 1812.973 ; gain = 6.918

Phase 2.3 Post-Processing in Floorplanning
Phase 2.3 Post-Processing in Floorplanning | Checksum: 1eb54cbd0

Time (s): cpu = 00:00:01 ; elapsed = 00:00:00.308 . Memory (MB): peak = 1812.973 ; gain = 6.918

Phase 2.4 Global Place Phase1
Phase 2.4 Global Place Phase1 | Checksum: 206f5f16c

Time (s): cpu = 00:00:01 ; elapsed = 00:00:00.626 . Memory (MB): peak = 1812.973 ; gain = 6.918

Phase 2.5 Global Place Phase2

Phase 2.5.1 UpdateTiming Before Physical Synthesis
Phase 2.5.1 UpdateTiming Before Physical Synthesis | Checksum: 1cba35787

Time (s): cpu = 00:00:01 ; elapsed = 00:00:00.651 . Memory (MB): peak = 1812.973 ; gain = 6.918

Phase 2.5.2 Physical Synthesis In Placer
INFO: [Physopt 32-1035] Found 0 LUTNM shape to break, 6 LUT instances to create LUTNM shape
INFO: [Physopt 32-1044] Break lutnm for timing: one critical 0, two critical 0, total 0, new lutff created 0
INFO: [Physopt 32-1138] End 1 Pass. Optimized 3 nets or LUTs. Breaked 0 LUT, combined 3 existing LUTs and moved 0 existing LUT
INFO: [Physopt 32-65] No nets found for high-fanout optimization.
INFO: [Physopt 32-232] Optimized 0 net. Created 0 new instance.
INFO: [Physopt 32-775] End 1 Pass. Optimized 0 net or cell. Created 0 new cell, deleted 0 existing cell and moved 0 existing cell
INFO: [Physopt 32-456] No candidate cells for DSP register optimization found in the design.
INFO: [Physopt 32-775] End 2 Pass. Optimized 0 net or cell. Created 0 new cell, deleted 0 existing cell and moved 0 existing cell
INFO: [Physopt 32-1123] No candidate cells found for Shift Register to Pipeline optimization
INFO: [Physopt 32-775] End 2 Pass. Optimized 0 net or cell. Created 0 new cell, deleted 0 existing cell and moved 0 existing cell
INFO: [Physopt 32-1401] No candidate cells found for Shift Register optimization.
INFO: [Physopt 32-677] No candidate cells for Shift Register optimization found in the design
INFO: [Physopt 32-775] End 1 Pass. Optimized 0 net or cell. Created 0 new cell, deleted 0 existing cell and moved 0 existing cell
INFO: [Physopt 32-526] No candidate cells for BRAM register optimization found in the design
INFO: [Physopt 32-775] End 1 Pass. Optimized 0 net or cell. Created 0 new cell, deleted 0 existing cell and moved 0 existing cell
INFO: [Physopt 32-846] No candidate cells for URAM register optimization found in the design
INFO: [Physopt 32-775] End 1 Pass. Optimized 0 net or cell. Created 0 new cell, deleted 0 existing cell and moved 0 existing cell
INFO: [Physopt 32-846] No candidate cells for URAM register optimization found in the design
INFO: [Physopt 32-775] End 1 Pass. Optimized 0 net or cell. Created 0 new cell, deleted 0 existing cell and moved 0 existing cell
INFO: [Physopt 32-949] No candidate nets found for dynamic/static region interface net replication
INFO: [Physopt 32-775] End 1 Pass. Optimized 0 net or cell. Created 0 new cell, deleted 0 existing cell and moved 0 existing cell
Netlist sorting complete. Time (s): cpu = 00:00:00 ; elapsed = 00:00:00.001 . Memory (MB): peak = 1817.863 ; gain = 0.000

Summary of Physical Synthesis Optimizations
============================================


-----------------------------------------------------------------------------------------------------------------------------------------------------------
|  Optimization                                     |  Added Cells  |  Removed Cells  |  Optimized Cells/Nets  |  Dont Touch  |  Iterations  |  Elapsed   |
-----------------------------------------------------------------------------------------------------------------------------------------------------------
|  LUT Combining                                    |            0  |              3  |                     3  |           0  |           1  |  00:00:00  |
|  Retime                                           |            0  |              0  |                     0  |           0  |           1  |  00:00:00  |
|  Very High Fanout                                 |            0  |              0  |                     0  |           0  |           1  |  00:00:00  |
|  DSP Register                                     |            0  |              0  |                     0  |           0  |           1  |  00:00:00  |
|  Shift Register to Pipeline                       |            0  |              0  |                     0  |           0  |           1  |  00:00:00  |
|  Shift Register                                   |            0  |              0  |                     0  |           0  |           1  |  00:00:00  |
|  BRAM Register                                    |            0  |              0  |                     0  |           0  |           1  |  00:00:00  |
|  URAM Register                                    |            0  |              0  |                     0  |           0  |           1  |  00:00:00  |
|  Dynamic/Static Region Interface Net Replication  |            0  |              0  |                     0  |           0  |           1  |  00:00:00  |
|  Total                                            |            0  |              3  |                     3  |           0  |           9  |  00:00:00  |
-----------------------------------------------------------------------------------------------------------------------------------------------------------


Phase 2.5.2 Physical Synthesis In Placer | Checksum: 1a34e52e5

Time (s): cpu = 00:00:01 ; elapsed = 00:00:00.703 . Memory (MB): peak = 1817.863 ; gain = 11.809
Phase 2.5 Global Place Phase2 | Checksum: 1f06677f5

Time (s): cpu = 00:00:01 ; elapsed = 00:00:00.758 . Memory (MB): peak = 1817.863 ; gain = 11.809
Phase 2 Global Placement | Checksum: 1f06677f5

Time (s): cpu = 00:00:01 ; elapsed = 00:00:00.763 . Memory (MB): peak = 1817.863 ; gain = 11.809

Phase 3 Detail Placement

Phase 3.1 Commit Multi Column Macros
Phase 3.1 Commit Multi Column Macros | Checksum: 19948431b

Time (s): cpu = 00:00:01 ; elapsed = 00:00:00.779 . Memory (MB): peak = 1817.863 ; gain = 11.809

Phase 3.2 Commit Most Macros & LUTRAMs
Phase 3.2 Commit Most Macros & LUTRAMs | Checksum: 2146d5823

Time (s): cpu = 00:00:01 ; elapsed = 00:00:00.809 . Memory (MB): peak = 1817.863 ; gain = 11.809

Phase 3.3 Area Swap Optimization
Phase 3.3 Area Swap Optimization | Checksum: 271fd9962

Time (s): cpu = 00:00:01 ; elapsed = 00:00:00.813 . Memory (MB): peak = 1817.863 ; gain = 11.809

Phase 3.4 Pipeline Register Optimization
Phase 3.4 Pipeline Register Optimization | Checksum: 2b0405c75

Time (s): cpu = 00:00:01 ; elapsed = 00:00:00.814 . Memory (MB): peak = 1817.863 ; gain = 11.809

Phase 3.5 Fast Optimization
Phase 3.5 Fast Optimization | Checksum: 2ad1b701c

Time (s): cpu = 00:00:02 ; elapsed = 00:00:00.878 . Memory (MB): peak = 1817.863 ; gain = 11.809

Phase 3.6 Small Shape Detail Placement
Phase 3.6 Small Shape Detail Placement | Checksum: 2d50d941e

Time (s): cpu = 00:00:02 ; elapsed = 00:00:00.957 . Memory (MB): peak = 1817.863 ; gain = 11.809

Phase 3.7 Re-assign LUT pins
Phase 3.7 Re-assign LUT pins | Checksum: 28d8bedbf

Time (s): cpu = 00:00:02 ; elapsed = 00:00:00.962 . Memory (MB): peak = 1817.863 ; gain = 11.809

Phase 3.8 Pipeline Register Optimization
Phase 3.8 Pipeline Register Optimization | Checksum: 23257b660

Time (s): cpu = 00:00:02 ; elapsed = 00:00:00.964 . Memory (MB): peak = 1817.863 ; gain = 11.809
Phase 3 Detail Placement | Checksum: 23257b660

Time (s): cpu = 00:00:02 ; elapsed = 00:00:00.965 . Memory (MB): peak = 1817.863 ; gain = 11.809

Phase 4 Post Placement Optimization and Clean-Up

Phase 4.1 Post Commit Optimization
INFO: [Timing 38-35] Done setting XDC timing constraints.

Phase 4.1.1 Post Placement Optimization
Post Placement Optimization Initialization | Checksum: 2e9dbe867

Phase 4.1.1.1 BUFG Insertion

Starting Physical Synthesis Task

Phase 1 Physical Synthesis Initialization
INFO: [Physopt 32-721] Multithreading enabled for phys_opt_design using a maximum of 2 CPUs
INFO: [Physopt 32-619] Estimated Timing Summary | WNS=-0.168 | TNS=-8.057 |
Phase 1 Physical Synthesis Initialization | Checksum: 232f6a3bf

Time (s): cpu = 00:00:00 ; elapsed = 00:00:00.011 . Memory (MB): peak = 1842.121 ; gain = 0.000
INFO: [Place 46-56] BUFG insertion identified 0 candidate nets. Inserted BUFG: 0, Replicated BUFG Driver: 0, Skipped due to Placement/Routing Conflicts: 0, Skipped due to Timing Degradation: 0, Skipped due to netlist editing failed: 0.
Ending Physical Synthesis Task | Checksum: 255e80462

Time (s): cpu = 00:00:00 ; elapsed = 00:00:00.012 . Memory (MB): peak = 1842.121 ; gain = 0.000
Phase 4.1.1.1 BUFG Insertion | Checksum: 2e9dbe867

Time (s): cpu = 00:00:02 ; elapsed = 00:00:01 . Memory (MB): peak = 1842.121 ; gain = 36.066

Phase 4.1.1.2 Post Placement Timing Optimization
INFO: [Place 30-746] Post Placement Timing Summary WNS=-0.105. For the most accurate timing information please run report_timing.
Phase 4.1.1.2 Post Placement Timing Optimization | Checksum: 2639e5be8

Time (s): cpu = 00:00:06 ; elapsed = 00:00:05 . Memory (MB): peak = 1842.121 ; gain = 36.066

Time (s): cpu = 00:00:06 ; elapsed = 00:00:05 . Memory (MB): peak = 1842.121 ; gain = 36.066
Phase 4.1 Post Commit Optimization | Checksum: 2639e5be8

Time (s): cpu = 00:00:06 ; elapsed = 00:00:05 . Memory (MB): peak = 1842.121 ; gain = 36.066

Phase 4.2 Post Placement Cleanup
Phase 4.2 Post Placement Cleanup | Checksum: 2639e5be8

Time (s): cpu = 00:00:06 ; elapsed = 00:00:05 . Memory (MB): peak = 1842.121 ; gain = 36.066

Phase 4.3 Placer Reporting

Phase 4.3.1 Print Estimated Congestion
INFO: [Place 30-612] Post-Placement Estimated Congestion 
 ____________________________________________________
|           | Global Congestion | Short Congestion  |
| Direction | Region Size       | Region Size       |
|___________|___________________|___________________|
|      North|                1x1|                1x1|
|___________|___________________|___________________|
|      South|                1x1|                1x1|
|___________|___________________|___________________|
|       East|                1x1|                1x1|
|___________|___________________|___________________|
|       West|                1x1|                1x1|
|___________|___________________|___________________|

Phase 4.3.1 Print Estimated Congestion | Checksum: 2639e5be8

Time (s): cpu = 00:00:06 ; elapsed = 00:00:05 . Memory (MB): peak = 1842.121 ; gain = 36.066
Phase 4.3 Placer Reporting | Checksum: 2639e5be8

Time (s): cpu = 00:00:06 ; elapsed = 00:00:05 . Memory (MB): peak = 1842.121 ; gain = 36.066

Phase 4.4 Final Placement Cleanup
Netlist sorting complete. Time (s): cpu = 00:00:00 ; elapsed = 00:00:00 . Memory (MB): peak = 1842.121 ; gain = 0.000

Time (s): cpu = 00:00:06 ; elapsed = 00:00:05 . Memory (MB): peak = 1842.121 ; gain = 36.066
Phase 4 Post Placement Optimization and Clean-Up | Checksum: 1ee50df98

Time (s): cpu = 00:00:06 ; elapsed = 00:00:05 . Memory (MB): peak = 1842.121 ; gain = 36.066
Ending Placer Task | Checksum: 177e17617

Time (s): cpu = 00:00:06 ; elapsed = 00:00:05 . Memory (MB): peak = 1842.121 ; gain = 36.066
74 Infos, 2 Warnings, 2 Critical Warnings and 0 Errors encountered.
place_design completed successfully
place_design: Time (s): cpu = 00:00:07 ; elapsed = 00:00:06 . Memory (MB): peak = 1842.121 ; gain = 43.297
INFO: [Vivado 12-24838] Running report commands "report_control_sets, report_io, report_utilization" in parallel.
Running report generation with 2 threads.
INFO: [Vivado 12-24828] Executing command : report_utilization -file npu_top_utilization_placed.rpt -pb npu_top_utilization_placed.pb
INFO: [Vivado 12-24828] Executing command : report_control_sets -verbose -file npu_top_control_sets_placed.rpt
report_control_sets: Time (s): cpu = 00:00:00 ; elapsed = 00:00:00.001 . Memory (MB): peak = 1842.121 ; gain = 0.000
INFO: [Vivado 12-24828] Executing command : report_io -file npu_top_io_placed.rpt
report_io: Time (s): cpu = 00:00:00 ; elapsed = 00:00:00.023 . Memory (MB): peak = 1842.121 ; gain = 0.000
Write ShapeDB Complete: Time (s): cpu = 00:00:00 ; elapsed = 00:00:00.001 . Memory (MB): peak = 1842.348 ; gain = 0.016
INFO: [Timing 38-480] Writing timing data to binary archive.
Wrote PlaceDB: Time (s): cpu = 00:00:00 ; elapsed = 00:00:00.008 . Memory (MB): peak = 1842.348 ; gain = 0.000
Wrote PulsedLatchDB: Time (s): cpu = 00:00:00 ; elapsed = 00:00:00 . Memory (MB): peak = 1842.348 ; gain = 0.000
Writing XDEF routing.
Writing XDEF routing logical nets.
Writing XDEF routing special nets.
Wrote RouteStorage: Time (s): cpu = 00:00:00 ; elapsed = 00:00:00.009 . Memory (MB): peak = 1842.348 ; gain = 0.000
Wrote Netlist Cache: Time (s): cpu = 00:00:00 ; elapsed = 00:00:00.001 . Memory (MB): peak = 1842.348 ; gain = 0.000
Wrote Device Cache: Time (s): cpu = 00:00:00 ; elapsed = 00:00:00.003 . Memory (MB): peak = 1842.348 ; gain = 0.000
Write Physdb Complete: Time (s): cpu = 00:00:00 ; elapsed = 00:00:00.023 . Memory (MB): peak = 1842.348 ; gain = 0.000
INFO: [Common 17-1381] The checkpoint 'C:/Users/samue/Documents/Arty-7-100T/Simple_NPU/Simple_NPU.runs/impl_1/npu_top_placed.dcp' has been generated.
Command: phys_opt_design -directive Explore
Attempting to get a license for feature 'Implementation' and/or device 'xc7a100t'
INFO: [Common 17-349] Got license for feature 'Implementation' and/or device 'xc7a100t'
INFO: [Vivado_Tcl 4-137] Directive used for phys_opt_design is: Explore

Starting Initial Update Timing Task

Time (s): cpu = 00:00:00 ; elapsed = 00:00:00.043 . Memory (MB): peak = 1842.387 ; gain = 0.000
INFO: [Vivado_Tcl 4-1435] PhysOpt_Tcl_Interface Runtime Before Starting Physical Synthesis Task | CPU: 0.00s |  WALL: 0.05s
Netlist sorting complete. Time (s): cpu = 00:00:00 ; elapsed = 00:00:00 . Memory (MB): peak = 1842.387 ; gain = 0.000

Starting Physical Synthesis Task

Phase 1 Physical Synthesis Initialization
INFO: [Physopt 32-721] Multithreading enabled for phys_opt_design using a maximum of 2 CPUs
INFO: [Physopt 32-619] Estimated Timing Summary | WNS=-0.299 | TNS=-14.345 |
Phase 1 Physical Synthesis Initialization | Checksum: 2015abeea

Time (s): cpu = 00:00:00 ; elapsed = 00:00:00.063 . Memory (MB): peak = 1842.387 ; gain = 0.000

Phase 2 SLR Crossing Optimization
Phase 2 SLR Crossing Optimization | Checksum: 2015abeea

Time (s): cpu = 00:00:00 ; elapsed = 00:00:00.066 . Memory (MB): peak = 1842.387 ; gain = 0.000
INFO: [Physopt 32-619] Estimated Timing Summary | WNS=-0.299 | TNS=-14.345 |

Phase 3 Fanout Optimization
INFO: [Physopt 32-76] Pass 1. Identified 1 candidate net for fanout optimization.
INFO: [Physopt 32-81] Processed net u_fc_layer/w2_reg_reg_n_0_[7]. Replicated 1 times.
INFO: [Physopt 32-232] Optimized 1 net. Created 1 new instance.
INFO: [Physopt 32-775] End 1 Pass. Optimized 1 net or cell. Created 1 new cell, deleted 0 existing cell and moved 0 existing cell
INFO: [Physopt 32-619] Estimated Timing Summary | WNS=-0.299 | TNS=-14.345 |
Netlist sorting complete. Time (s): cpu = 00:00:00 ; elapsed = 00:00:00.002 . Memory (MB): peak = 1842.387 ; gain = 0.000
Phase 3 Fanout Optimization | Checksum: 1c87a8616

Time (s): cpu = 00:00:00 ; elapsed = 00:00:00.156 . Memory (MB): peak = 1842.387 ; gain = 0.000

Phase 4 Single Cell Placement Optimization
INFO: [Physopt 32-660] Identified 6 candidate nets for placement-based optimization.
INFO: [Physopt 32-663] Processed net u_fc_layer/w3_reg_reg_n_0_[7].  Re-placed instance u_fc_layer/w3_reg_reg[7]
INFO: [Physopt 32-663] Processed net u_fc_layer/x1_reg[7].  Re-placed instance u_fc_layer/x1_reg_reg[7]
INFO: [Physopt 32-663] Processed net u_fc_layer/w3_reg_reg_n_0_[2].  Re-placed instance u_fc_layer/w3_reg_reg[2]
INFO: [Physopt 32-662] Processed net u_fc_layer/w2_reg_reg_n_0_[7]_repN.  Did not re-place instance u_fc_layer/w2_reg_reg[7]_replica
INFO: [Physopt 32-663] Processed net u_fc_layer/x3_reg[2].  Re-placed instance u_fc_layer/x3_reg_reg[2]
INFO: [Physopt 32-663] Processed net u_fc_layer/w2_reg_reg_n_0_[4].  Re-placed instance u_fc_layer/w2_reg_reg[4]
INFO: [Physopt 32-661] Optimized 5 nets.  Re-placed 5 instances.
INFO: [Physopt 32-775] End 1 Pass. Optimized 5 nets or cells. Created 0 new cell, deleted 0 existing cell and moved 5 existing cells
INFO: [Physopt 32-619] Estimated Timing Summary | WNS=-0.004 | TNS=-0.185 |
Netlist sorting complete. Time (s): cpu = 00:00:00 ; elapsed = 00:00:00 . Memory (MB): peak = 1842.387 ; gain = 0.000
Phase 4 Single Cell Placement Optimization | Checksum: 2026918f3

Time (s): cpu = 00:00:00 ; elapsed = 00:00:00.257 . Memory (MB): peak = 1842.387 ; gain = 0.000

Phase 5 Multi Cell Placement Optimization
INFO: [Physopt 32-660] Identified 3 candidate nets for placement-based optimization.
INFO: [Physopt 32-661] Optimized 0 net.  Re-placed 0 instance.
INFO: [Physopt 32-775] End 1 Pass. Optimized 0 net or cell. Created 0 new cell, deleted 0 existing cell and moved 0 existing cell
Phase 5 Multi Cell Placement Optimization | Checksum: 2026918f3

Time (s): cpu = 00:00:00 ; elapsed = 00:00:00.258 . Memory (MB): peak = 1842.387 ; gain = 0.000

Phase 6 Rewire
INFO: [Physopt 32-246] Starting Signal Push optimization...
INFO: [Physopt 32-241] No nets found for rewiring () optimization.
INFO: [Physopt 32-232] Optimized 0 net. Created 0 new instance.
INFO: [Physopt 32-775] End 1 Pass. Optimized 0 net or cell. Created 0 new cell, deleted 0 existing cell and moved 0 existing cell
Netlist sorting complete. Time (s): cpu = 00:00:00 ; elapsed = 00:00:00 . Memory (MB): peak = 1842.387 ; gain = 0.000
Phase 6 Rewire | Checksum: 2026918f3

Time (s): cpu = 00:00:00 ; elapsed = 00:00:00.259 . Memory (MB): peak = 1842.387 ; gain = 0.000

Phase 7 Critical Cell Optimization
INFO: [Physopt 32-46] Identified 3 candidate nets for critical-cell optimization.
INFO: [Physopt 32-572] Net u_fc_layer/w2_reg_reg_n_0_[7]_repN was not replicated.
Resolution: phys_opt_design can be forced to replicate a net driver using the option -force_replication_on_nets <list of net objects>.
INFO: [Physopt 32-571] Net u_fc_layer/w3_reg_reg_n_0_[2] was not replicated.
INFO: [Physopt 32-571] Net u_fc_layer/w3_reg_reg_n_0_[7] was not replicated.
INFO: [Physopt 32-232] Optimized 0 net. Created 0 new instance.
INFO: [Physopt 32-775] End 1 Pass. Optimized 0 net or cell. Created 0 new cell, deleted 0 existing cell and moved 0 existing cell
Netlist sorting complete. Time (s): cpu = 00:00:00 ; elapsed = 00:00:00 . Memory (MB): peak = 1842.387 ; gain = 0.000
Phase 7 Critical Cell Optimization | Checksum: 223ed7834

Time (s): cpu = 00:00:00 ; elapsed = 00:00:00.314 . Memory (MB): peak = 1842.387 ; gain = 0.000

Phase 8 Fanout Optimization
INFO: [Physopt 32-64] No nets found for fanout-optimization.
INFO: [Physopt 32-232] Optimized 0 net. Created 0 new instance.
INFO: [Physopt 32-775] End 1 Pass. Optimized 0 net or cell. Created 0 new cell, deleted 0 existing cell and moved 0 existing cell
Phase 8 Fanout Optimization | Checksum: 223ed7834

Time (s): cpu = 00:00:00 ; elapsed = 00:00:00.314 . Memory (MB): peak = 1842.387 ; gain = 0.000

Phase 9 Single Cell Placement Optimization
INFO: [Physopt 32-660] Identified 3 candidate nets for placement-based optimization.
INFO: [Physopt 32-662] Processed net u_fc_layer/w2_reg_reg_n_0_[7]_repN.  Did not re-place instance u_fc_layer/w2_reg_reg[7]_replica
INFO: [Physopt 32-663] Processed net u_fc_layer/w3_reg_reg_n_0_[2].  Re-placed instance u_fc_layer/w3_reg_reg[2]
INFO: [Physopt 32-662] Processed net u_fc_layer/w3_reg_reg_n_0_[7].  Did not re-place instance u_fc_layer/w3_reg_reg[7]
INFO: [Physopt 32-661] Optimized 1 net.  Re-placed 1 instance.
INFO: [Physopt 32-775] End 1 Pass. Optimized 1 net or cell. Created 0 new cell, deleted 0 existing cell and moved 1 existing cell
INFO: [Physopt 32-619] Estimated Timing Summary | WNS=-0.004 | TNS=-0.185 |
Netlist sorting complete. Time (s): cpu = 00:00:00 ; elapsed = 00:00:00 . Memory (MB): peak = 1842.387 ; gain = 0.000
Phase 9 Single Cell Placement Optimization | Checksum: 143f29b80

Time (s): cpu = 00:00:00 ; elapsed = 00:00:00.375 . Memory (MB): peak = 1842.387 ; gain = 0.000

Phase 10 Multi Cell Placement Optimization
INFO: [Physopt 32-660] Identified 3 candidate nets for placement-based optimization.
INFO: [Physopt 32-661] Optimized 0 net.  Re-placed 0 instance.
INFO: [Physopt 32-775] End 1 Pass. Optimized 0 net or cell. Created 0 new cell, deleted 0 existing cell and moved 0 existing cell
Phase 10 Multi Cell Placement Optimization | Checksum: 143f29b80

Time (s): cpu = 00:00:00 ; elapsed = 00:00:00.375 . Memory (MB): peak = 1842.387 ; gain = 0.000

Phase 11 Rewire
INFO: [Physopt 32-246] Starting Signal Push optimization...
INFO: [Physopt 32-241] No nets found for rewiring () optimization.
INFO: [Physopt 32-232] Optimized 0 net. Created 0 new instance.
INFO: [Physopt 32-775] End 1 Pass. Optimized 0 net or cell. Created 0 new cell, deleted 0 existing cell and moved 0 existing cell
Netlist sorting complete. Time (s): cpu = 00:00:00 ; elapsed = 00:00:00 . Memory (MB): peak = 1842.387 ; gain = 0.000
Phase 11 Rewire | Checksum: 143f29b80

Time (s): cpu = 00:00:00 ; elapsed = 00:00:00.376 . Memory (MB): peak = 1842.387 ; gain = 0.000

Phase 12 Critical Cell Optimization
INFO: [Physopt 32-46] Identified 1 candidate net for critical-cell optimization.
INFO: [Physopt 32-571] Net u_fc_layer/w3_reg_reg_n_0_[2] was not replicated.
INFO: [Physopt 32-232] Optimized 0 net. Created 0 new instance.
INFO: [Physopt 32-775] End 1 Pass. Optimized 0 net or cell. Created 0 new cell, deleted 0 existing cell and moved 0 existing cell
Phase 12 Critical Cell Optimization | Checksum: 143f29b80

Time (s): cpu = 00:00:00 ; elapsed = 00:00:00.382 . Memory (MB): peak = 1842.387 ; gain = 0.000

Phase 13 SLR Crossing Optimization
Phase 13 SLR Crossing Optimization | Checksum: 143f29b80

Time (s): cpu = 00:00:00 ; elapsed = 00:00:00.382 . Memory (MB): peak = 1842.387 ; gain = 0.000

Phase 14 Fanout Optimization
INFO: [Physopt 32-64] No nets found for fanout-optimization.
INFO: [Physopt 32-232] Optimized 0 net. Created 0 new instance.
INFO: [Physopt 32-775] End 1 Pass. Optimized 0 net or cell. Created 0 new cell, deleted 0 existing cell and moved 0 existing cell
Phase 14 Fanout Optimization | Checksum: 143f29b80

Time (s): cpu = 00:00:00 ; elapsed = 00:00:00.383 . Memory (MB): peak = 1842.387 ; gain = 0.000

Phase 15 Single Cell Placement Optimization
INFO: [Physopt 32-660] Identified 3 candidate nets for placement-based optimization.
INFO: [Physopt 32-662] Processed net u_fc_layer/w2_reg_reg_n_0_[7]_repN.  Did not re-place instance u_fc_layer/w2_reg_reg[7]_replica
INFO: [Physopt 32-662] Processed net u_fc_layer/w3_reg_reg_n_0_[2].  Did not re-place instance u_fc_layer/w3_reg_reg[2]
INFO: [Physopt 32-662] Processed net u_fc_layer/w3_reg_reg_n_0_[7].  Did not re-place instance u_fc_layer/w3_reg_reg[7]
INFO: [Physopt 32-661] Optimized 0 net.  Re-placed 0 instance.
INFO: [Physopt 32-775] End 1 Pass. Optimized 0 net or cell. Created 0 new cell, deleted 0 existing cell and moved 0 existing cell
Netlist sorting complete. Time (s): cpu = 00:00:00 ; elapsed = 00:00:00 . Memory (MB): peak = 1842.387 ; gain = 0.000
Phase 15 Single Cell Placement Optimization | Checksum: 1cbb54f55

Time (s): cpu = 00:00:01 ; elapsed = 00:00:00.440 . Memory (MB): peak = 1842.387 ; gain = 0.000

Phase 16 Multi Cell Placement Optimization
INFO: [Physopt 32-660] Identified 3 candidate nets for placement-based optimization.
INFO: [Physopt 32-661] Optimized 0 net.  Re-placed 0 instance.
INFO: [Physopt 32-775] End 1 Pass. Optimized 0 net or cell. Created 0 new cell, deleted 0 existing cell and moved 0 existing cell
Phase 16 Multi Cell Placement Optimization | Checksum: 1cbb54f55

Time (s): cpu = 00:00:01 ; elapsed = 00:00:00.441 . Memory (MB): peak = 1842.387 ; gain = 0.000

Phase 17 Rewire
INFO: [Physopt 32-246] Starting Signal Push optimization...
INFO: [Physopt 32-241] No nets found for rewiring () optimization.
INFO: [Physopt 32-232] Optimized 0 net. Created 0 new instance.
INFO: [Physopt 32-775] End 1 Pass. Optimized 0 net or cell. Created 0 new cell, deleted 0 existing cell and moved 0 existing cell
Netlist sorting complete. Time (s): cpu = 00:00:00 ; elapsed = 00:00:00 . Memory (MB): peak = 1842.387 ; gain = 0.000
Phase 17 Rewire | Checksum: 1cbb54f55

Time (s): cpu = 00:00:01 ; elapsed = 00:00:00.441 . Memory (MB): peak = 1842.387 ; gain = 0.000

Phase 18 Critical Cell Optimization
INFO: [Physopt 32-68] No nets found for critical-cell optimization.
INFO: [Physopt 32-232] Optimized 0 net. Created 0 new instance.
INFO: [Physopt 32-775] End 1 Pass. Optimized 0 net or cell. Created 0 new cell, deleted 0 existing cell and moved 0 existing cell
Phase 18 Critical Cell Optimization | Checksum: 1cbb54f55

Time (s): cpu = 00:00:01 ; elapsed = 00:00:00.447 . Memory (MB): peak = 1842.387 ; gain = 0.000

Phase 19 DSP Register Optimization
INFO: [Physopt 32-456] No candidate cells for DSP register optimization found in the design.
INFO: [Physopt 32-775] End 1 Pass. Optimized 0 net or cell. Created 0 new cell, deleted 0 existing cell and moved 0 existing cell
Phase 19 DSP Register Optimization | Checksum: 1cbb54f55

Time (s): cpu = 00:00:01 ; elapsed = 00:00:00.448 . Memory (MB): peak = 1842.387 ; gain = 0.000

Phase 20 BRAM Register Optimization
INFO: [Physopt 32-526] No candidate cells for BRAM register optimization found in the design
INFO: [Physopt 32-775] End 1 Pass. Optimized 0 net or cell. Created 0 new cell, deleted 0 existing cell and moved 0 existing cell
Phase 20 BRAM Register Optimization | Checksum: 1cbb54f55

Time (s): cpu = 00:00:01 ; elapsed = 00:00:00.448 . Memory (MB): peak = 1842.387 ; gain = 0.000

Phase 21 URAM Register Optimization
INFO: [Physopt 32-846] No candidate cells for URAM register optimization found in the design
INFO: [Physopt 32-775] End 1 Pass. Optimized 0 net or cell. Created 0 new cell, deleted 0 existing cell and moved 0 existing cell
INFO: [Physopt 32-846] No candidate cells for URAM register optimization found in the design
INFO: [Physopt 32-775] End 1 Pass. Optimized 0 net or cell. Created 0 new cell, deleted 0 existing cell and moved 0 existing cell
Phase 21 URAM Register Optimization | Checksum: 1cbb54f55

Time (s): cpu = 00:00:01 ; elapsed = 00:00:00.448 . Memory (MB): peak = 1842.387 ; gain = 0.000

Phase 22 Shift Register Optimization
INFO: [Physopt 32-1401] No candidate cells found for Shift Register optimization.
INFO: [Physopt 32-677] No candidate cells for Shift Register optimization found in the design
INFO: [Physopt 32-775] End 1 Pass. Optimized 0 net or cell. Created 0 new cell, deleted 0 existing cell and moved 0 existing cell
Phase 22 Shift Register Optimization | Checksum: 1cbb54f55

Time (s): cpu = 00:00:01 ; elapsed = 00:00:00.449 . Memory (MB): peak = 1842.387 ; gain = 0.000

Phase 23 DSP Register Optimization
INFO: [Physopt 32-456] No candidate cells for DSP register optimization found in the design.
INFO: [Physopt 32-775] End 1 Pass. Optimized 0 net or cell. Created 0 new cell, deleted 0 existing cell and moved 0 existing cell
Phase 23 DSP Register Optimization | Checksum: 1cbb54f55

Time (s): cpu = 00:00:01 ; elapsed = 00:00:00.449 . Memory (MB): peak = 1842.387 ; gain = 0.000

Phase 24 BRAM Register Optimization
INFO: [Physopt 32-526] No candidate cells for BRAM register optimization found in the design
INFO: [Physopt 32-775] End 1 Pass. Optimized 0 net or cell. Created 0 new cell, deleted 0 existing cell and moved 0 existing cell
Phase 24 BRAM Register Optimization | Checksum: 1cbb54f55

Time (s): cpu = 00:00:01 ; elapsed = 00:00:00.449 . Memory (MB): peak = 1842.387 ; gain = 0.000

Phase 25 URAM Register Optimization
INFO: [Physopt 32-846] No candidate cells for URAM register optimization found in the design
INFO: [Physopt 32-775] End 1 Pass. Optimized 0 net or cell. Created 0 new cell, deleted 0 existing cell and moved 0 existing cell
INFO: [Physopt 32-846] No candidate cells for URAM register optimization found in the design
INFO: [Physopt 32-775] End 1 Pass. Optimized 0 net or cell. Created 0 new cell, deleted 0 existing cell and moved 0 existing cell
Phase 25 URAM Register Optimization | Checksum: 1cbb54f55

Time (s): cpu = 00:00:01 ; elapsed = 00:00:00.450 . Memory (MB): peak = 1842.387 ; gain = 0.000

Phase 26 Shift Register Optimization
INFO: [Physopt 32-1401] No candidate cells found for Shift Register optimization.
INFO: [Physopt 32-677] No candidate cells for Shift Register optimization found in the design
INFO: [Physopt 32-775] End 1 Pass. Optimized 0 net or cell. Created 0 new cell, deleted 0 existing cell and moved 0 existing cell
Phase 26 Shift Register Optimization | Checksum: 1cbb54f55

Time (s): cpu = 00:00:01 ; elapsed = 00:00:00.450 . Memory (MB): peak = 1842.387 ; gain = 0.000

Phase 27 Critical Pin Optimization
INFO: [Physopt 32-607] No candidate nets found for critical-pin optimization.
INFO: [Physopt 32-608] Optimized 0 net.  Swapped 0 pin.
INFO: [Physopt 32-775] End 1 Pass. Optimized 0 net or cell. Created 0 new cell, deleted 0 existing cell and moved 0 existing cell
Phase 27 Critical Pin Optimization | Checksum: 1cbb54f55

Time (s): cpu = 00:00:01 ; elapsed = 00:00:00.451 . Memory (MB): peak = 1842.387 ; gain = 0.000

Phase 28 Very High Fanout Optimization
INFO: [Physopt 32-65] No nets found for high-fanout optimization.
INFO: [Physopt 32-232] Optimized 0 net. Created 0 new instance.
INFO: [Physopt 32-775] End 1 Pass. Optimized 0 net or cell. Created 0 new cell, deleted 0 existing cell and moved 0 existing cell
Phase 28 Very High Fanout Optimization | Checksum: 1cbb54f55

Time (s): cpu = 00:00:01 ; elapsed = 00:00:00.451 . Memory (MB): peak = 1842.387 ; gain = 0.000

Phase 29 Single Cell Placement Optimization
INFO: [Physopt 32-660] Identified 3 candidate nets for placement-based optimization.
INFO: [Physopt 32-662] Processed net u_fc_layer/w2_reg_reg_n_0_[7]_repN.  Did not re-place instance u_fc_layer/w2_reg_reg[7]_replica
INFO: [Physopt 32-662] Processed net u_fc_layer/w3_reg_reg_n_0_[2].  Did not re-place instance u_fc_layer/w3_reg_reg[2]
INFO: [Physopt 32-662] Processed net u_fc_layer/w3_reg_reg_n_0_[7].  Did not re-place instance u_fc_layer/w3_reg_reg[7]
INFO: [Physopt 32-661] Optimized 0 net.  Re-placed 0 instance.
INFO: [Physopt 32-775] End 1 Pass. Optimized 0 net or cell. Created 0 new cell, deleted 0 existing cell and moved 0 existing cell
Netlist sorting complete. Time (s): cpu = 00:00:00 ; elapsed = 00:00:00.001 . Memory (MB): peak = 1842.387 ; gain = 0.000
Phase 29 Single Cell Placement Optimization | Checksum: 1cbb54f55

Time (s): cpu = 00:00:01 ; elapsed = 00:00:00.507 . Memory (MB): peak = 1842.387 ; gain = 0.000

Phase 30 Multi Cell Placement Optimization
INFO: [Physopt 32-660] Identified 3 candidate nets for placement-based optimization.
INFO: [Physopt 32-661] Optimized 0 net.  Re-placed 0 instance.
INFO: [Physopt 32-775] End 1 Pass. Optimized 0 net or cell. Created 0 new cell, deleted 0 existing cell and moved 0 existing cell
Phase 30 Multi Cell Placement Optimization | Checksum: 1cbb54f55

Time (s): cpu = 00:00:01 ; elapsed = 00:00:00.508 . Memory (MB): peak = 1842.387 ; gain = 0.000

Phase 31 SLR Crossing Optimization
Phase 31 SLR Crossing Optimization | Checksum: 1cbb54f55

Time (s): cpu = 00:00:01 ; elapsed = 00:00:00.508 . Memory (MB): peak = 1842.387 ; gain = 0.000

Phase 32 Critical Path Optimization
INFO: [Physopt 32-619] Estimated Timing Summary | WNS=-0.004 | TNS=-0.185 |
INFO: [Physopt 32-702] Processed net u_fc_layer/u_mac/partial_sum[0]. Optimizations did not improve timing on the net.
INFO: [Physopt 32-702] Processed net u_fc_layer/w2_reg_reg_n_0_[7]_repN. Optimizations did not improve timing on the net.
INFO: [Physopt 32-702] Processed net u_fc_layer/u_mac/partial_sum0__0_n_153. Optimizations did not improve timing on the net.
INFO: [Physopt 32-702] Processed net u_fc_layer/u_mac/partial_sum0_n_106. Optimizations did not improve timing on the net.
INFO: [Physopt 32-702] Processed net u_fc_layer/u_mac/partial_sum2_n_106. Optimizations did not improve timing on the net.
INFO: [Physopt 32-702] Processed net CLK100MHZ_IBUF. Optimizations did not improve timing on the net.
INFO: [Physopt 32-702] Processed net u_fc_layer/u_mac/partial_sum[0]. Optimizations did not improve timing on the net.
INFO: [Physopt 32-702] Processed net u_fc_layer/w2_reg_reg_n_0_[7]_repN. Optimizations did not improve timing on the net.
INFO: [Physopt 32-702] Processed net CLK100MHZ_IBUF. Optimizations did not improve timing on the net.
INFO: [Physopt 32-619] Estimated Timing Summary | WNS=-0.004 | TNS=-0.185 |
Netlist sorting complete. Time (s): cpu = 00:00:00 ; elapsed = 00:00:00 . Memory (MB): peak = 1842.387 ; gain = 0.000
Phase 32 Critical Path Optimization | Checksum: 1cbb54f55

Time (s): cpu = 00:00:01 ; elapsed = 00:00:00.806 . Memory (MB): peak = 1842.387 ; gain = 0.000

Phase 33 BRAM Enable Optimization
Phase 33 BRAM Enable Optimization | Checksum: 1cbb54f55

Time (s): cpu = 00:00:01 ; elapsed = 00:00:00.807 . Memory (MB): peak = 1842.387 ; gain = 0.000
INFO: [Physopt 32-960] Skip hold-fix as initial WHS does not violate hold threshold 250 ps
Netlist sorting complete. Time (s): cpu = 00:00:00 ; elapsed = 00:00:00 . Memory (MB): peak = 1842.387 ; gain = 0.000
INFO: [Physopt 32-603] Post Physical Optimization Timing Summary | WNS=-0.004 | TNS=-0.185 |

Summary of Physical Synthesis Optimizations
============================================


----------------------------------------------------------------------------------------------------------------------------------------------------------------------
|  Optimization            |  WNS Gain (ns)  |  TNS Gain (ns)  |  Added Cells  |  Removed Cells  |  Optimized Cells/Nets  |  Dont Touch  |  Iterations  |  Elapsed   |
----------------------------------------------------------------------------------------------------------------------------------------------------------------------
|  Fanout                  |          0.000  |          0.000  |            1  |              0  |                     1  |           0  |           3  |  00:00:00  |
|  Single Cell Placement   |          0.295  |         14.160  |            0  |              0  |                     6  |           0  |           4  |  00:00:00  |
|  Multi Cell Placement    |          0.000  |          0.000  |            0  |              0  |                     0  |           0  |           4  |  00:00:00  |
|  Rewire                  |          0.000  |          0.000  |            0  |              0  |                     0  |           0  |           3  |  00:00:00  |
|  Critical Cell           |          0.000  |          0.000  |            0  |              0  |                     0  |           0  |           3  |  00:00:00  |
|  SLR Crossing            |          0.000  |          0.000  |            0  |              0  |                     0  |           0  |           3  |  00:00:00  |
|  DSP Register            |          0.000  |          0.000  |            0  |              0  |                     0  |           0  |           2  |  00:00:00  |
|  BRAM Register           |          0.000  |          0.000  |            0  |              0  |                     0  |           0  |           2  |  00:00:00  |
|  URAM Register           |          0.000  |          0.000  |            0  |              0  |                     0  |           0  |           2  |  00:00:00  |
|  Shift Register          |          0.000  |          0.000  |            0  |              0  |                     0  |           0  |           2  |  00:00:00  |
|  Critical Pin            |          0.000  |          0.000  |            0  |              0  |                     0  |           0  |           1  |  00:00:00  |
|  Very High Fanout        |          0.000  |          0.000  |            0  |              0  |                     0  |           0  |           1  |  00:00:00  |
|  BRAM Enable             |          0.000  |          0.000  |            0  |              0  |                     0  |           0  |           1  |  00:00:00  |
|  Critical Path           |          0.000  |          0.000  |            0  |              0  |                     0  |           0  |           1  |  00:00:00  |
|  Total                   |          0.295  |         14.160  |            1  |              0  |                     7  |           0  |          32  |  00:00:01  |
----------------------------------------------------------------------------------------------------------------------------------------------------------------------


Netlist sorting complete. Time (s): cpu = 00:00:00 ; elapsed = 00:00:00 . Memory (MB): peak = 1842.387 ; gain = 0.000
Ending Physical Synthesis Task | Checksum: 245895974

Time (s): cpu = 00:00:01 ; elapsed = 00:00:00.811 . Memory (MB): peak = 1842.387 ; gain = 0.000
INFO: [Common 17-83] Releasing license: Implementation
205 Infos, 2 Warnings, 2 Critical Warnings and 0 Errors encountered.
phys_opt_design completed successfully
Write ShapeDB Complete: Time (s): cpu = 00:00:00 ; elapsed = 00:00:00.001 . Memory (MB): peak = 1854.535 ; gain = 0.008
INFO: [Timing 38-480] Writing timing data to binary archive.
Wrote PlaceDB: Time (s): cpu = 00:00:00 ; elapsed = 00:00:00.008 . Memory (MB): peak = 1854.535 ; gain = 0.000
Wrote PulsedLatchDB: Time (s): cpu = 00:00:00 ; elapsed = 00:00:00 . Memory (MB): peak = 1854.535 ; gain = 0.000
Writing XDEF routing.
Writing XDEF routing logical nets.
Writing XDEF routing special nets.
Wrote RouteStorage: Time (s): cpu = 00:00:00 ; elapsed = 00:00:00.009 . Memory (MB): peak = 1854.535 ; gain = 0.000
Wrote Netlist Cache: Time (s): cpu = 00:00:00 ; elapsed = 00:00:00 . Memory (MB): peak = 1854.535 ; gain = 0.000
Wrote Device Cache: Time (s): cpu = 00:00:00 ; elapsed = 00:00:00.003 . Memory (MB): peak = 1854.535 ; gain = 0.000
Write Physdb Complete: Time (s): cpu = 00:00:00 ; elapsed = 00:00:00.024 . Memory (MB): peak = 1854.535 ; gain = 0.000
INFO: [Common 17-1381] The checkpoint 'C:/Users/samue/Documents/Arty-7-100T/Simple_NPU/Simple_NPU.runs/impl_1/npu_top_physopt.dcp' has been generated.
Command: route_design -directive Explore -tns_cleanup
Attempting to get a license for feature 'Implementation' and/or device 'xc7a100t'
INFO: [Common 17-349] Got license for feature 'Implementation' and/or device 'xc7a100t'
INFO: [DRC 23-27] Running DRC with 2 threads
INFO: [Vivado_Tcl 4-198] DRC finished with 0 Errors
INFO: [Vivado_Tcl 4-199] Please refer to the DRC report (report_drc) for more information.


Starting Routing Task
INFO: [Route 35-270] Using Router directive 'Explore'.
INFO: [Route 35-254] Multithreading enabled for route_design using a maximum of 2 CPUs

Phase 1 Build RT Design
Checksum: PlaceDB: 5b6b7c10 ConstDB: 0 ShapeSum: b73bdc36 RouteDB: b1d25f96
Post Restoration Checksum: NetGraph: 883f7b5d | NumContArr: 8dc7dcbf | Constraints: c2a8fa9d | Timing: c2a8fa9d
Phase 1 Build RT Design | Checksum: 29b594d56

Time (s): cpu = 00:00:17 ; elapsed = 00:00:16 . Memory (MB): peak = 1994.797 ; gain = 128.883

Phase 2 Router Initialization

Phase 2.1 Fix Topology Constraints
Phase 2.1 Fix Topology Constraints | Checksum: 29b594d56

Time (s): cpu = 00:00:17 ; elapsed = 00:00:16 . Memory (MB): peak = 1994.797 ; gain = 128.883

Phase 2.2 Pre Route Cleanup
Phase 2.2 Pre Route Cleanup | Checksum: 29b594d56

Time (s): cpu = 00:00:17 ; elapsed = 00:00:16 . Memory (MB): peak = 1994.797 ; gain = 128.883
 Number of Nodes with overlaps = 0

Phase 2.3 Update Timing
Phase 2.3 Update Timing | Checksum: 297bf5132

Time (s): cpu = 00:00:18 ; elapsed = 00:00:16 . Memory (MB): peak = 2036.891 ; gain = 170.977
INFO: [Route 35-416] Intermediate Timing Summary | WNS=-0.018 | TNS=-0.871 | WHS=-0.081 | THS=-0.724 |


Phase 2.4 Soft Constraint Pins - Fast Budgeting
Phase 2.4 Soft Constraint Pins - Fast Budgeting | Checksum: 30118861c

Time (s): cpu = 00:00:18 ; elapsed = 00:00:16 . Memory (MB): peak = 2060.941 ; gain = 195.027

Router Utilization Summary
  Global Vertical Routing Utilization    = 0 %
  Global Horizontal Routing Utilization  = 0 %
  Routable Net Status*
  *Does not include unroutable nets such as driverless and loadless.
  Run report_route_status for detailed report.
  Number of Failed Nets               = 358
    (Failed Nets is the sum of unrouted and partially routed nets)
  Number of Unrouted Nets             = 358
  Number of Partially Routed Nets     = 0
  Number of Node Overlaps             = 0

Phase 2 Router Initialization | Checksum: 30118861c

Time (s): cpu = 00:00:18 ; elapsed = 00:00:16 . Memory (MB): peak = 2060.941 ; gain = 195.027

Phase 3 Global Routing
Phase 3 Global Routing | Checksum: 30118861c

Time (s): cpu = 00:00:18 ; elapsed = 00:00:16 . Memory (MB): peak = 2060.941 ; gain = 195.027

Phase 4 Initial Routing

Phase 4.1 Initial Net Routing Pass
Phase 4.1 Initial Net Routing Pass | Checksum: 267dc07cc

Time (s): cpu = 00:00:18 ; elapsed = 00:00:16 . Memory (MB): peak = 2060.941 ; gain = 195.027
Phase 4 Initial Routing | Checksum: 267dc07cc

Time (s): cpu = 00:00:18 ; elapsed = 00:00:16 . Memory (MB): peak = 2060.941 ; gain = 195.027

Phase 5 Rip-up And Reroute

Phase 5.1 Global Iteration 0
 Number of Nodes with overlaps = 3
 Number of Nodes with overlaps = 0
INFO: [Route 35-416] Intermediate Timing Summary | WNS=-0.117 | TNS=-5.623 | WHS=N/A    | THS=N/A    |

Phase 5.1 Global Iteration 0 | Checksum: 16dde011b

Time (s): cpu = 00:00:18 ; elapsed = 00:00:16 . Memory (MB): peak = 2068.316 ; gain = 202.402
Phase 5 Rip-up And Reroute | Checksum: 16dde011b

Time (s): cpu = 00:00:18 ; elapsed = 00:00:16 . Memory (MB): peak = 2068.316 ; gain = 202.402

Phase 6 Delay and Skew Optimization

Phase 6.1 TNS Cleanup

Phase 6.1.1 Delay CleanUp

Phase 6.1.1.1 Update Timing
Phase 6.1.1.1 Update Timing | Checksum: 233baadf3

Time (s): cpu = 00:00:18 ; elapsed = 00:00:16 . Memory (MB): peak = 2068.316 ; gain = 202.402
INFO: [Route 35-416] Intermediate Timing Summary | WNS=-0.037 | TNS=-1.783 | WHS=N/A    | THS=N/A    |

 Number of Nodes with overlaps = 0

Phase 6.1.1.2 Update Timing
Phase 6.1.1.2 Update Timing | Checksum: 25b482b75

Time (s): cpu = 00:00:18 ; elapsed = 00:00:16 . Memory (MB): peak = 2068.316 ; gain = 202.402
INFO: [Route 35-416] Intermediate Timing Summary | WNS=-0.037 | TNS=-1.783 | WHS=N/A    | THS=N/A    |

Phase 6.1.1 Delay CleanUp | Checksum: 18a050b7c

Time (s): cpu = 00:00:18 ; elapsed = 00:00:16 . Memory (MB): peak = 2068.316 ; gain = 202.402
Phase 6.1 TNS Cleanup | Checksum: 18a050b7c

Time (s): cpu = 00:00:18 ; elapsed = 00:00:16 . Memory (MB): peak = 2068.316 ; gain = 202.402

Phase 6.2 Clock Skew Optimization
Phase 6.2 Clock Skew Optimization | Checksum: 18a050b7c

Time (s): cpu = 00:00:18 ; elapsed = 00:00:16 . Memory (MB): peak = 2068.316 ; gain = 202.402
Phase 6 Delay and Skew Optimization | Checksum: 18a050b7c

Time (s): cpu = 00:00:18 ; elapsed = 00:00:16 . Memory (MB): peak = 2068.316 ; gain = 202.402

Phase 7 Post Hold Fix

Phase 7.1 Hold Fix Iter
INFO: [Route 35-416] Intermediate Timing Summary | WNS=-0.037 | TNS=-1.783 | WHS=0.189  | THS=0.000  |

Phase 7.1 Hold Fix Iter | Checksum: 170675b96

Time (s): cpu = 00:00:18 ; elapsed = 00:00:16 . Memory (MB): peak = 2068.316 ; gain = 202.402
Phase 7 Post Hold Fix | Checksum: 170675b96

Time (s): cpu = 00:00:18 ; elapsed = 00:00:16 . Memory (MB): peak = 2068.316 ; gain = 202.402

Phase 8 Timing Verification

Phase 8.1 Update Timing
Phase 8.1 Update Timing | Checksum: 170675b96

Time (s): cpu = 00:00:18 ; elapsed = 00:00:17 . Memory (MB): peak = 2068.316 ; gain = 202.402
INFO: [Route 35-416] Intermediate Timing Summary | WNS=-0.037 | TNS=-1.783 | WHS=0.189  | THS=0.000  |

Phase 8 Timing Verification | Checksum: 170675b96

Time (s): cpu = 00:00:18 ; elapsed = 00:00:17 . Memory (MB): peak = 2068.316 ; gain = 202.402

Phase 9 Route finalize

Router Utilization Summary
  Global Vertical Routing Utilization    = 0.0450886 %
  Global Horizontal Routing Utilization  = 0.0309747 %
  Routable Net Status*
  *Does not include unroutable nets such as driverless and loadless.
  Run report_route_status for detailed report.
  Number of Failed Nets               = 0
    (Failed Nets is the sum of unrouted and partially routed nets)
  Number of Unrouted Nets             = 0
  Number of Partially Routed Nets     = 0
  Number of Node Overlaps             = 0


--GLOBAL Congestion:
Utilization threshold used for congestion level computation: 0.85
Congestion Report
North Dir 1x1 Area, Max Cong = 23.4234%, No Congested Regions.
South Dir 1x1 Area, Max Cong = 28.8288%, No Congested Regions.
East Dir 1x1 Area, Max Cong = 19.1176%, No Congested Regions.
West Dir 1x1 Area, Max Cong = 19.1176%, No Congested Regions.

------------------------------
Reporting congestion hotspots
------------------------------
Direction: North
----------------
Congested clusters found at Level 0
Effective congestion level: 0 Aspect Ratio: 1 Sparse Ratio: 0
Direction: South
----------------
Congested clusters found at Level 0
Effective congestion level: 0 Aspect Ratio: 1 Sparse Ratio: 0
Direction: East
----------------
Congested clusters found at Level 0
Effective congestion level: 0 Aspect Ratio: 1 Sparse Ratio: 0
Direction: West
----------------
Congested clusters found at Level 0
Effective congestion level: 0 Aspect Ratio: 1 Sparse Ratio: 0

Phase 9 Route finalize | Checksum: 170675b96

Time (s): cpu = 00:00:18 ; elapsed = 00:00:17 . Memory (MB): peak = 2068.316 ; gain = 202.402

Phase 10 Verifying routed nets

 Verification completed successfully
Phase 10 Verifying routed nets | Checksum: 170675b96

Time (s): cpu = 00:00:18 ; elapsed = 00:00:17 . Memory (MB): peak = 2068.316 ; gain = 202.402

Phase 11 Depositing Routes
Phase 11 Depositing Routes | Checksum: 12fc92434

Time (s): cpu = 00:00:18 ; elapsed = 00:00:17 . Memory (MB): peak = 2068.316 ; gain = 202.402

Phase 12 Incr Placement Change
Netlist sorting complete. Time (s): cpu = 00:00:00 ; elapsed = 00:00:00 . Memory (MB): peak = 2068.316 ; gain = 0.000
INFO: [Place 30-746] Post Placement Timing Summary WNS=0.002. For the most accurate timing information please run report_timing.
Ending IncrPlace Task | Checksum: e22a7eda

Time (s): cpu = 00:00:12 ; elapsed = 00:00:12 . Memory (MB): peak = 2068.316 ; gain = 0.000
Google Cpuprofiler is only supported on Linux.
Phase 12 Incr Placement Change | Checksum: e22a7eda

Time (s): cpu = 00:00:30 ; elapsed = 00:00:29 . Memory (MB): peak = 2068.316 ; gain = 202.402

Phase 13 Build RT Design
Checksum: PlaceDB: 55e00ec8 ConstDB: 0 ShapeSum: 26398724 RouteDB: 6610e8ee
Post Restoration Checksum: NetGraph: c5f93888 | NumContArr: ab084f29 | Constraints: c2a8fa9d | Timing: c2a8fa9d
Phase 13 Build RT Design | Checksum: 2f6537ceb

Time (s): cpu = 00:00:30 ; elapsed = 00:00:29 . Memory (MB): peak = 2068.316 ; gain = 202.402

Phase 14 Router Initialization

Phase 14.1 Fix Topology Constraints
Phase 14.1 Fix Topology Constraints | Checksum: 2f6537ceb

Time (s): cpu = 00:00:30 ; elapsed = 00:00:29 . Memory (MB): peak = 2068.316 ; gain = 202.402

Phase 14.2 Pre Route Cleanup
Phase 14.2 Pre Route Cleanup | Checksum: 1c59b4333

Time (s): cpu = 00:00:30 ; elapsed = 00:00:29 . Memory (MB): peak = 2068.316 ; gain = 202.402
 Number of Nodes with overlaps = 0

Phase 14.3 Update Timing
Phase 14.3 Update Timing | Checksum: 2b0905a27

Time (s): cpu = 00:00:31 ; elapsed = 00:00:29 . Memory (MB): peak = 2068.316 ; gain = 202.402
INFO: [Route 35-416] Intermediate Timing Summary | WNS=-0.243 | TNS=-11.671| WHS=-0.081 | THS=-0.706 |


Phase 14.4 Soft Constraint Pins - Fast Budgeting
Phase 14.4 Soft Constraint Pins - Fast Budgeting | Checksum: 277960aa7

Time (s): cpu = 00:00:31 ; elapsed = 00:00:29 . Memory (MB): peak = 2068.328 ; gain = 202.414

Router Utilization Summary
  Global Vertical Routing Utilization    = 0.0400836 %
  Global Horizontal Routing Utilization  = 0.0279909 %
  Routable Net Status*
  *Does not include unroutable nets such as driverless and loadless.
  Run report_route_status for detailed report.
  Number of Failed Nets               = 177
    (Failed Nets is the sum of unrouted and partially routed nets)
  Number of Unrouted Nets             = 172
  Number of Partially Routed Nets     = 5
  Number of Node Overlaps             = 0

Phase 14 Router Initialization | Checksum: 277960aa7

Time (s): cpu = 00:00:31 ; elapsed = 00:00:29 . Memory (MB): peak = 2068.328 ; gain = 202.414

Phase 15 Global Routing
Phase 15 Global Routing | Checksum: 277960aa7

Time (s): cpu = 00:00:31 ; elapsed = 00:00:29 . Memory (MB): peak = 2068.328 ; gain = 202.414

Phase 16 Initial Routing

Phase 16.1 Initial Net Routing Pass
Phase 16.1 Initial Net Routing Pass | Checksum: 273bfad71

Time (s): cpu = 00:00:31 ; elapsed = 00:00:29 . Memory (MB): peak = 2068.328 ; gain = 202.414
Phase 16 Initial Routing | Checksum: 273bfad71

Time (s): cpu = 00:00:31 ; elapsed = 00:00:29 . Memory (MB): peak = 2068.328 ; gain = 202.414

Phase 17 Rip-up And Reroute

Phase 17.1 Global Iteration 0
 Number of Nodes with overlaps = 0
INFO: [Route 35-416] Intermediate Timing Summary | WNS=-0.303 | TNS=-14.551| WHS=N/A    | THS=N/A    |

Phase 17.1 Global Iteration 0 | Checksum: 29ef3071d

Time (s): cpu = 00:00:31 ; elapsed = 00:00:29 . Memory (MB): peak = 2068.328 ; gain = 202.414
Phase 17 Rip-up And Reroute | Checksum: 29ef3071d

Time (s): cpu = 00:00:31 ; elapsed = 00:00:29 . Memory (MB): peak = 2068.328 ; gain = 202.414

Phase 18 Delay and Skew Optimization

Phase 18.1 TNS Cleanup

Phase 18.1.1 Delay CleanUp

Phase 18.1.1.1 Update Timing
Phase 18.1.1.1 Update Timing | Checksum: 2db49794f

Time (s): cpu = 00:00:31 ; elapsed = 00:00:29 . Memory (MB): peak = 2068.328 ; gain = 202.414
INFO: [Route 35-416] Intermediate Timing Summary | WNS=-0.223 | TNS=-10.711| WHS=N/A    | THS=N/A    |

 Number of Nodes with overlaps = 0

Phase 18.1.1.2 Update Timing
Phase 18.1.1.2 Update Timing | Checksum: 2e8146717

Time (s): cpu = 00:00:31 ; elapsed = 00:00:29 . Memory (MB): peak = 2068.328 ; gain = 202.414
INFO: [Route 35-416] Intermediate Timing Summary | WNS=-0.223 | TNS=-10.711| WHS=N/A    | THS=N/A    |

Phase 18.1.1 Delay CleanUp | Checksum: 315fe676b

Time (s): cpu = 00:00:31 ; elapsed = 00:00:29 . Memory (MB): peak = 2068.328 ; gain = 202.414
Phase 18.1 TNS Cleanup | Checksum: 315fe676b

Time (s): cpu = 00:00:31 ; elapsed = 00:00:29 . Memory (MB): peak = 2068.328 ; gain = 202.414

Phase 18.2 Clock Skew Optimization
Phase 18.2 Clock Skew Optimization | Checksum: 315fe676b

Time (s): cpu = 00:00:31 ; elapsed = 00:00:29 . Memory (MB): peak = 2068.328 ; gain = 202.414
Phase 18 Delay and Skew Optimization | Checksum: 315fe676b

Time (s): cpu = 00:00:31 ; elapsed = 00:00:29 . Memory (MB): peak = 2068.328 ; gain = 202.414

Phase 19 Post Hold Fix

Phase 19.1 Hold Fix Iter
INFO: [Route 35-416] Intermediate Timing Summary | WNS=-0.223 | TNS=-10.711| WHS=0.189  | THS=0.000  |

Phase 19.1 Hold Fix Iter | Checksum: 3105be2a7

Time (s): cpu = 00:00:31 ; elapsed = 00:00:29 . Memory (MB): peak = 2068.328 ; gain = 202.414
Phase 19 Post Hold Fix | Checksum: 3105be2a7

Time (s): cpu = 00:00:31 ; elapsed = 00:00:29 . Memory (MB): peak = 2068.328 ; gain = 202.414

Phase 20 Timing Verification

Phase 20.1 Update Timing
Phase 20.1 Update Timing | Checksum: 3105be2a7

Time (s): cpu = 00:00:31 ; elapsed = 00:00:29 . Memory (MB): peak = 2068.328 ; gain = 202.414
INFO: [Route 35-416] Intermediate Timing Summary | WNS=-0.223 | TNS=-10.711| WHS=0.189  | THS=0.000  |

Phase 20 Timing Verification | Checksum: 3105be2a7

Time (s): cpu = 00:00:31 ; elapsed = 00:00:29 . Memory (MB): peak = 2068.328 ; gain = 202.414

Phase 21 Reset Design
INFO: [Route 35-307] 362 nets already restored were skipped.
Post Restoration Checksum: NetGraph: 38824e9 | NumContArr: 608eae61 | Constraints: c2a8fa9d | Timing: 909564d

Phase 21.1 Create Timer
Phase 21.1 Create Timer | Checksum: 12fc92434

Time (s): cpu = 00:00:31 ; elapsed = 00:00:29 . Memory (MB): peak = 2068.328 ; gain = 202.414
Phase 21 Reset Design | Checksum: 12fc92434

Time (s): cpu = 00:00:31 ; elapsed = 00:00:30 . Memory (MB): peak = 2068.328 ; gain = 202.414

Phase 22 Post Process Routing
Phase 22 Post Process Routing | Checksum: 12fc92434

Time (s): cpu = 00:00:31 ; elapsed = 00:00:30 . Memory (MB): peak = 2068.328 ; gain = 202.414

Phase 23 Post Router Timing
INFO: [Route 35-20] Post Routing Timing Summary | WNS=-0.038 | TNS=-1.839 | WHS=0.191  | THS=0.000  |

Phase 23 Post Router Timing | Checksum: 1ee210933

Time (s): cpu = 00:00:31 ; elapsed = 00:00:30 . Memory (MB): peak = 2068.328 ; gain = 202.414
WARNING: [Route 35-39] The design did not meet timing requirements. Please run report_timing_summary for detailed reports.
Resolution: Verify that the timing was met or had small violations at all previous steps (synthesis, placement, power_opt, and phys_opt). Run report_timing_summary and analyze individual timing paths.
INFO: [Route 35-253] TNS is the sum of the worst slack violation on every endpoint in the design. Review the paths with the biggest WNS violations in the timing reports and modify your constraints or your design to improve both WNS and TNS.
Total Elapsed time in route_design: 29.654 secs

Phase 24 Post-Route Event Processing
Phase 24 Post-Route Event Processing | Checksum: 15050733d

Time (s): cpu = 00:00:31 ; elapsed = 00:00:30 . Memory (MB): peak = 2068.328 ; gain = 202.414
INFO: [Route 35-16] Router Completed Successfully
Ending Routing Task | Checksum: 15050733d

Time (s): cpu = 00:00:31 ; elapsed = 00:00:30 . Memory (MB): peak = 2068.328 ; gain = 202.414

Routing Is Done.
INFO: [Common 17-83] Releasing license: Implementation
231 Infos, 3 Warnings, 2 Critical Warnings and 0 Errors encountered.
route_design completed successfully
route_design: Time (s): cpu = 00:00:32 ; elapsed = 00:00:30 . Memory (MB): peak = 2068.328 ; gain = 213.793
INFO: [Vivado 12-24828] Executing command : report_drc -file npu_top_drc_routed.rpt -pb npu_top_drc_routed.pb -rpx npu_top_drc_routed.rpx
Command: report_drc -file npu_top_drc_routed.rpt -pb npu_top_drc_routed.pb -rpx npu_top_drc_routed.rpx
INFO: [IP_Flow 19-1839] IP Catalog is up to date.
INFO: [DRC 23-27] Running DRC with 2 threads
INFO: [Vivado_Tcl 2-168] The results of DRC are in file C:/Users/samue/Documents/Arty-7-100T/Simple_NPU/Simple_NPU.runs/impl_1/npu_top_drc_routed.rpt.
report_drc completed successfully
INFO: [Vivado 12-24828] Executing command : report_methodology -file npu_top_methodology_drc_routed.rpt -pb npu_top_methodology_drc_routed.pb -rpx npu_top_methodology_drc_routed.rpx
Command: report_methodology -file npu_top_methodology_drc_routed.rpt -pb npu_top_methodology_drc_routed.pb -rpx npu_top_methodology_drc_routed.rpx
INFO: [Timing 38-35] Done setting XDC timing constraints.
INFO: [DRC 23-133] Running Methodology with 2 threads
INFO: [Vivado_Tcl 2-1520] The results of Report Methodology are in file C:/Users/samue/Documents/Arty-7-100T/Simple_NPU/Simple_NPU.runs/impl_1/npu_top_methodology_drc_routed.rpt.
report_methodology completed successfully
INFO: [Vivado 12-24828] Executing command : report_timing_summary -max_paths 10 -routable_nets -report_unconstrained -file npu_top_timing_summary_routed.rpt -pb npu_top_timing_summary_routed.pb -rpx npu_top_timing_summary_routed.rpx
INFO: [Timing 38-35] Done setting XDC timing constraints.
INFO: [Timing 38-91] UpdateTimingParams: Speed grade: -1, Delay Type: min_max.
INFO: [Timing 38-191] Multithreading enabled for timing update using a maximum of 2 CPUs
INFO: [Vivado 12-24838] Running report commands "report_incremental_reuse, report_route_status" in parallel.
Running report generation with 2 threads.
INFO: [Vivado 12-24828] Executing command : report_incremental_reuse -file npu_top_incremental_reuse_routed.rpt
INFO: [Vivado_Tcl 4-1062] Incremental flow is disabled. No incremental reuse Info to report.
INFO: [Vivado 12-24828] Executing command : report_route_status -file npu_top_route_status.rpt -pb npu_top_route_status.pb
INFO: [Vivado 12-24828] Executing command : report_power -file npu_top_power_routed.rpt -pb npu_top_power_summary_routed.pb -rpx npu_top_power_routed.rpx
Command: report_power -file npu_top_power_routed.rpt -pb npu_top_power_summary_routed.pb -rpx npu_top_power_routed.rpx
Running Vector-less Activity Propagation...

Finished Running Vector-less Activity Propagation
248 Infos, 3 Warnings, 2 Critical Warnings and 0 Errors encountered.
report_power completed successfully
INFO: [Vivado 12-24828] Executing command : report_clock_utilization -file npu_top_clock_utilization_routed.rpt
INFO: [Vivado 12-24828] Executing command : report_bus_skew -warn_on_violation -file npu_top_bus_skew_routed.rpt -pb npu_top_bus_skew_routed.pb -rpx npu_top_bus_skew_routed.rpx
INFO: [Timing 38-91] UpdateTimingParams: Speed grade: -1, Delay Type: min_max.
INFO: [Timing 38-191] Multithreading enabled for timing update using a maximum of 2 CPUs
Write ShapeDB Complete: Time (s): cpu = 00:00:00 ; elapsed = 00:00:00.001 . Memory (MB): peak = 2068.328 ; gain = 0.000
INFO: [Timing 38-480] Writing timing data to binary archive.
Wrote PlaceDB: Time (s): cpu = 00:00:00 ; elapsed = 00:00:00.008 . Memory (MB): peak = 2068.328 ; gain = 0.000
Wrote PulsedLatchDB: Time (s): cpu = 00:00:00 ; elapsed = 00:00:00 . Memory (MB): peak = 2068.328 ; gain = 0.000
Writing XDEF routing.
Writing XDEF routing logical nets.
Writing XDEF routing special nets.
Wrote RouteStorage: Time (s): cpu = 00:00:00 ; elapsed = 00:00:00.011 . Memory (MB): peak = 2068.328 ; gain = 0.000
Wrote Netlist Cache: Time (s): cpu = 00:00:00 ; elapsed = 00:00:00 . Memory (MB): peak = 2068.328 ; gain = 0.000
Wrote Device Cache: Time (s): cpu = 00:00:00 ; elapsed = 00:00:00.003 . Memory (MB): peak = 2068.328 ; gain = 0.000
Write Physdb Complete: Time (s): cpu = 00:00:00 ; elapsed = 00:00:00.025 . Memory (MB): peak = 2068.328 ; gain = 0.000
INFO: [Common 17-1381] The checkpoint 'C:/Users/samue/Documents/Arty-7-100T/Simple_NPU/Simple_NPU.runs/impl_1/npu_top_routed.dcp' has been generated.
Command: phys_opt_design -directive Explore
Attempting to get a license for feature 'Implementation' and/or device 'xc7a100t'
INFO: [Common 17-349] Got license for feature 'Implementation' and/or device 'xc7a100t'
INFO: [Vivado_Tcl 4-241] Physical synthesis in post route mode 
INFO: [Vivado_Tcl 4-137] Directive used for phys_opt_design is: Explore
INFO: [Vivado_Tcl 4-1435] PhysOpt_Tcl_Interface Runtime Before Starting Physical Synthesis Task | CPU: 0.00s |  WALL: 0.01s
INFO: [DRC 23-27] Running DRC with 2 threads
INFO: [Vivado_Tcl 4-198] DRC finished with 0 Errors
INFO: [Vivado_Tcl 4-199] Please refer to the DRC report (report_drc) for more information.
Netlist sorting complete. Time (s): cpu = 00:00:00 ; elapsed = 00:00:00.001 . Memory (MB): peak = 2068.328 ; gain = 0.000

Starting Physical Synthesis Task

Phase 1 Physical Synthesis Initialization
INFO: [Physopt 32-721] Multithreading enabled for phys_opt_design using a maximum of 2 CPUs
INFO: [Physopt 32-668] Current Timing Summary | WNS=-0.038 | TNS=-1.839 | WHS=0.191 | THS=0.000 |
Phase 1 Physical Synthesis Initialization | Checksum: 22f856df0

Time (s): cpu = 00:00:00 ; elapsed = 00:00:00.066 . Memory (MB): peak = 2068.328 ; gain = 0.000

Phase 2 Critical Path Optimization
INFO: [Physopt 32-668] Current Timing Summary | WNS=-0.038 | TNS=-1.839 | WHS=0.191 | THS=0.000 |
INFO: [Physopt 32-953] Path group WNS did not improve. Path group: sys_clk_pin. Processed net: u_fc_layer/u_mac/partial_sum[0].
INFO: [Physopt 32-703] Processed net u_fc_layer/w2_reg_reg_n_0_[7]_repN. Clock skew was adjusted for instance u_fc_layer/w2_reg_reg[7]_replica.
INFO: [Physopt 32-735] Processed net u_fc_layer/w2_reg_reg_n_0_[7]_repN. Optimization improves timing on the net.
INFO: [Physopt 32-668] Current Timing Summary | WNS=0.101 | TNS=0.000 | WHS=0.191 | THS=0.000 |
INFO: [Physopt 32-668] Current Timing Summary | WNS=0.101 | TNS=0.000 | WHS=0.191 | THS=0.000 |
Netlist sorting complete. Time (s): cpu = 00:00:00 ; elapsed = 00:00:00 . Memory (MB): peak = 2086.488 ; gain = 0.000
Phase 2 Critical Path Optimization | Checksum: 22f856df0

Time (s): cpu = 00:00:17 ; elapsed = 00:00:16 . Memory (MB): peak = 2086.488 ; gain = 18.160
Netlist sorting complete. Time (s): cpu = 00:00:00 ; elapsed = 00:00:00 . Memory (MB): peak = 2086.488 ; gain = 0.000
INFO: [Physopt 32-669] Post Physical Optimization Timing Summary | WNS=0.101 | TNS=0.000 | WHS=0.191 | THS=0.000 |

Summary of Physical Synthesis Optimizations
============================================


-------------------------------------------------------------------------------------------------------------------------------------------------------------
|  Optimization   |  WNS Gain (ns)  |  TNS Gain (ns)  |  Added Cells  |  Removed Cells  |  Optimized Cells/Nets  |  Dont Touch  |  Iterations  |  Elapsed   |
-------------------------------------------------------------------------------------------------------------------------------------------------------------
|  Critical Path  |          0.139  |          1.839  |            0  |              0  |                     1  |           0  |           1  |  00:00:16  |
-------------------------------------------------------------------------------------------------------------------------------------------------------------


Netlist sorting complete. Time (s): cpu = 00:00:00 ; elapsed = 00:00:00.001 . Memory (MB): peak = 2086.488 ; gain = 0.000
Ending Physical Synthesis Task | Checksum: 22e3bb178

Time (s): cpu = 00:00:17 ; elapsed = 00:00:16 . Memory (MB): peak = 2086.488 ; gain = 18.160
INFO: [Common 17-83] Releasing license: Implementation
271 Infos, 3 Warnings, 2 Critical Warnings and 0 Errors encountered.
phys_opt_design completed successfully
phys_opt_design: Time (s): cpu = 00:00:18 ; elapsed = 00:00:16 . Memory (MB): peak = 2086.488 ; gain = 18.160
INFO: [Vivado 12-24828] Executing command : report_timing_summary -max_paths 10 -report_unconstrained -warn_on_violation -file npu_top_timing_summary_postroute_physopted.rpt -pb npu_top_timing_summary_postroute_physopted.pb -rpx npu_top_timing_summary_postroute_physopted.rpx
INFO: [Timing 38-91] UpdateTimingParams: Speed grade: -1, Delay Type: min_max.
INFO: [Timing 38-191] Multithreading enabled for timing update using a maximum of 2 CPUs
INFO: [Vivado 12-24828] Executing command : report_bus_skew -warn_on_violation -file npu_top_bus_skew_postroute_physopted.rpt -pb npu_top_bus_skew_postroute_physopted.pb -rpx npu_top_bus_skew_postroute_physopted.rpx
INFO: [Timing 38-91] UpdateTimingParams: Speed grade: -1, Delay Type: min_max.
INFO: [Timing 38-191] Multithreading enabled for timing update using a maximum of 2 CPUs
Write ShapeDB Complete: Time (s): cpu = 00:00:00 ; elapsed = 00:00:00.001 . Memory (MB): peak = 2086.488 ; gain = 0.000
INFO: [Timing 38-480] Writing timing data to binary archive.
Wrote PlaceDB: Time (s): cpu = 00:00:00 ; elapsed = 00:00:00.008 . Memory (MB): peak = 2086.488 ; gain = 0.000
Wrote PulsedLatchDB: Time (s): cpu = 00:00:00 ; elapsed = 00:00:00 . Memory (MB): peak = 2086.488 ; gain = 0.000
Writing XDEF routing.
Writing XDEF routing logical nets.
Writing XDEF routing special nets.
Wrote RouteStorage: Time (s): cpu = 00:00:00 ; elapsed = 00:00:00.012 . Memory (MB): peak = 2086.488 ; gain = 0.000
Wrote Netlist Cache: Time (s): cpu = 00:00:00 ; elapsed = 00:00:00 . Memory (MB): peak = 2086.488 ; gain = 0.000
Wrote Device Cache: Time (s): cpu = 00:00:00 ; elapsed = 00:00:00.003 . Memory (MB): peak = 2086.488 ; gain = 0.000
Write Physdb Complete: Time (s): cpu = 00:00:00 ; elapsed = 00:00:00.027 . Memory (MB): peak = 2086.488 ; gain = 0.000
INFO: [Common 17-1381] The checkpoint 'C:/Users/samue/Documents/Arty-7-100T/Simple_NPU/Simple_NPU.runs/impl_1/npu_top_postroute_physopt.dcp' has been generated.
Command: write_bitstream -force npu_top.bit
Attempting to get a license for feature 'Implementation' and/or device 'xc7a100t'
INFO: [Common 17-349] Got license for feature 'Implementation' and/or device 'xc7a100t'
Running DRC as a precondition to command write_bitstream
INFO: [IP_Flow 19-1839] IP Catalog is up to date.
INFO: [DRC 23-27] Running DRC with 2 threads
INFO: [Vivado 12-3199] DRC finished with 0 Errors
INFO: [Vivado 12-3200] Please refer to the DRC report (report_drc) for more information.
INFO: [Designutils 20-2272] Running write_bitstream with 2 threads.
Loading data files...
Loading site data...
Loading route data...
Processing options...
Creating bitmap...
Creating bitstream...
Writing bitstream ./npu_top.bit...
INFO: [Vivado 12-1842] Bitgen Completed Successfully.
INFO: [Project 1-1876] WebTalk data collection is mandatory when using a ULT device. To see the specific WebTalk data collected for your design, open the usage_statistics_webtalk.html or usage_statistics_webtalk.xml file in the implementation directory.
INFO: [Common 17-83] Releasing license: Implementation
288 Infos, 3 Warnings, 2 Critical Warnings and 0 Errors encountered.
write_bitstream completed successfully
write_bitstream: Time (s): cpu = 00:00:06 ; elapsed = 00:00:06 . Memory (MB): peak = 2419.852 ; gain = 333.363
INFO: [Common 17-206] Exiting Vivado at Sun Mar 15 17:47:36 2026...
