Vivado Simulator v2025.1.0
Copyright 1986-2022 Xilinx, Inc. All Rights Reserved.
Copyright 2022-2025 Advanced Micro Devices, Inc. All Rights Reserved.
Running: D:/Xilinx/2025.1/Vivado/bin/unwrapped/win64.o/xelab.exe --incr --debug typical --relax --mt 2 -L xil_defaultlib -L uvm -L unisims_ver -L unimacro_ver -L secureip --snapshot tb_fc_layer_behav xil_defaultlib.tb_fc_layer xil_defaultlib.glbl -log elaborate.log 
Using 2 slave threads.
Starting static elaboration
Pass Through NonSizing Optimizer
Completed static elaboration
Starting simulation data flow analysis
WARNING: [XSIM 43-4099] "C:/Users/samue/Documents/Arty-7-100T/Simple_NPU/Simple_NPU.srcs/sources_1/new/fc_layer.sv" Line 8. Module fc_layer(PROD_W=16,SUM_W=18,ACC_W=20) doesn't have a timescale but at least one module in design has a timescale.
WARNING: [XSIM 43-4099] "C:/Users/samue/Documents/Arty-7-100T/Simple_NPU/Simple_NPU.srcs/sources_1/new/mac_unit.sv" Line 3. Module mac_unit(PROD_W=16,SUM_W=18) doesn't have a timescale but at least one module in design has a timescale.
WARNING: [XSIM 43-4099] "C:/Users/samue/Documents/Arty-7-100T/Simple_NPU/Simple_NPU.srcs/sources_1/new/relu.sv" Line 1. Module relu(DATA_W=20) doesn't have a timescale but at least one module in design has a timescale.
WARNING: [XSIM 43-4099] "C:/Users/samue/Documents/Arty-7-100T/Simple_NPU/Simple_NPU.srcs/sources_1/new/fc_layer.sv" Line 8. Module fc_layer(PROD_W=16,SUM_W=18,ACC_W=20) doesn't have a timescale but at least one module in design has a timescale.
WARNING: [XSIM 43-4099] "C:/Users/samue/Documents/Arty-7-100T/Simple_NPU/Simple_NPU.srcs/sources_1/new/mac_unit.sv" Line 3. Module mac_unit(PROD_W=16,SUM_W=18) doesn't have a timescale but at least one module in design has a timescale.
WARNING: [XSIM 43-4099] "C:/Users/samue/Documents/Arty-7-100T/Simple_NPU/Simple_NPU.srcs/sources_1/new/relu.sv" Line 1. Module relu(DATA_W=20) doesn't have a timescale but at least one module in design has a timescale.
Completed simulation data flow analysis
Time Resolution for simulation is 1ps
Compiling module xil_defaultlib.mac_unit(PROD_W=16,SUM_W=18)
Compiling module xil_defaultlib.relu(DATA_W=20)
Compiling module xil_defaultlib.fc_layer(PROD_W=16,SUM_W=18,ACC_...
Compiling module xil_defaultlib.tb_fc_layer
Compiling module xil_defaultlib.glbl
Built simulation snapshot tb_fc_layer_behav
